	Account Domain:		-
	Logon ID:		0x0

Process Information:
	New Process ID:		0x2830
	New Process Name:	C:\Program Files (x86)\Google\Chrome\Application\chrome.exe
	Token Elevation Type:	%%1938
	Mandatory Label:		Mandatory Label\Low Mandatory Level
	Creator Process ID:	0x24fc
	Creator Process Name:	C:\Program Files (x86)\Google\Chrome\Application\chrome.exe
	Process Command Line:	""C:\Program Files (x86)\Google\Chrome\Application\chrome.exe"" --type=renderer --field-trial-handle=1336,8508051981384938689,4407025176615645341,131072 --disable-gpu-compositing --service-pipe-token=ED6C12E170E626B876CA691FB66C7EE5 --lang=en-US --enable-offline-auto-reload --enable-offline-auto-reload-visible-only --device-scale-factor=1 --num-raster-threads=1 --service-request-channel-token=ED6C12E170E626B876CA691FB66C7EE5 --renderer-client-id=95 --mojo-platform-channel-handle=3376 /prefetch:1

Token Elevation Type indicates the type of token that was assigned to the new process in accordance with User Account Control policy.

Type 1 is a full token with no privileges removed or groups disabled.  A full token is only used if User Account Control is disabled or if the user is the built-in Administrator account or a service account.

Type 2 is an elevated token with no privileges removed or groups disabled.  An elevated token is used when User Account Control is enabled and the user chooses to start the program using Run as administrator.  An elevated token is also used when an application is configured to always require administrative privilege or to always require maximum privilege, and the user is a member of the Administrators group.

Type 3 is a limited token with administrative privileges removed and administrative groups disabled.  The limited token is used when User Account Control is enabled, the application does not require administrative privilege, and the user does not choose to start the program using Run as administrator."
"2018-08-20T16:17:01.000+0100","PCERF-L",4688,"A new process has been created.

Creator Subject:
	Security ID:		NT AUTHORITY\SYSTEM
	Account Name:		PCERF-L$
	Account Domain:		WORKGROUP
	Logon ID:		0x3E7

Target Subject:
	Security ID:		AzureAD\PeatCerf
	Account Name:		PeatCerf
	Account Domain:		AzureAD
	Logon ID:		0x8B795

Process Information:
	New Process ID:		0x28f8
	New Process Name:	C:\Windows\SystemApps\Microsoft.MicrosoftEdge_8wekyb3d8bbwe\MicrosoftEdgeCP.exe
	Token Elevation Type:	%%1938
	Mandatory Label:		Mandatory Label\Low Mandatory Level
	Creator Process ID:	0x3dc
	Creator Process Name:	C:\Windows\System32\svchost.exe
	Process Command Line:	""C:\Windows\SystemApps\Microsoft.MicrosoftEdge_8wekyb3d8bbwe\MicrosoftEdgeCP.exe"" -ServerName:ContentProcess.AppX6z3cwk4fvgady6zya12j1cw28d228a7k.mca

Token Elevation Type indicates the type of token that was assigned to the new process in accordance with User Account Control policy.

Type 1 is a full token with no privileges removed or groups disabled.  A full token is only used if User Account Control is disabled or if the user is the built-in Administrator account or a service account.

Type 2 is an elevated token with no privileges removed or groups disabled.  An elevated token is used when User Account Control is enabled and the user chooses to start the program using Run as administrator.  An elevated token is also used when an application is configured to always require administrative privilege or to always require maximum privilege, and the user is a member of the Administrators group.

Type 3 is a limited token with administrative privileges removed and administrative groups disabled.  The limited token is used when User Account Control is enabled, the application does not require administrative privilege, and the user does not choose to start the program using Run as administrator."
"2018-08-20T16:17:01.000+0100","PCERF-L",4688,"A new process has been created.

Creator Subject:
	Security ID:		NT AUTHORITY\SYSTEM
	Account Name:		PCERF-L$
	Account Domain:		WORKGROUP
	Logon ID:		0x3E7

Target Subject:
	Security ID:		AzureAD\PeatCerf
	Account Name:		PeatCerf
	Account Domain:		AzureAD
	Logon ID:		0x8B795

Process Information:
	New Process ID:		0x2bb8
	New Process Name:	C:\Windows\SystemApps\Microsoft.MicrosoftEdge_8wekyb3d8bbwe\MicrosoftEdgeCP.exe
	Token Elevation Type:	%%1938
	Mandatory Label:		Mandatory Label\Low Mandatory Level
	Creator Process ID:	0x3dc
	Creator Process Name:	C:\Windows\System32\svchost.exe
	Process Command Line:	""C:\Windows\SystemApps\Microsoft.MicrosoftEdge_8wekyb3d8bbwe\MicrosoftEdgeCP.exe"" -ServerName:ContentProcess.AppX6z3cwk4fvgady6zya12j1cw28d228a7k.mca

Token Elevation Type indicates the type of token that was assigned to the new process in accordance with User Account Control policy.

Type 1 is a full token with no privileges removed or groups disabled.  A full token is only used if User Account Control is disabled or if the user is the built-in Administrator account or a service account.

Type 2 is an elevated token with no privileges removed or groups disabled.  An elevated token is used when User Account Control is enabled and the user chooses to start the program using Run as administrator.  An elevated token is also used when an application is configured to always require administrative privilege or to always require maximum privilege, and the user is a member of the Administrators group.

Type 3 is a limited token with administrative privileges removed and administrative groups disabled.  The limited token is used when User Account Control is enabled, the application does not require administrative privilege, and the user does not choose to start the program using Run as administrator."
"2018-08-20T16:17:00.000+0100","FYODOR-L",4688,"A new process has been created.

Creator Subject:
	Security ID:		AzureAD\FyodorMalteskesko
	Account Name:		FyodorMalteskesko
	Account Domain:		AzureAD
	Logon ID:		0x1091CB1

Target Subject:
	Security ID:		NULL SID
	Account Name:		-
	Account Domain:		-
	Logon ID:		0x0

Process Information:
	New Process ID:		0xc28
	New Process Name:	C:\Program Files (x86)\Google\Chrome\Application\chrome.exe
	Token Elevation Type:	%%1938
	Mandatory Label:		Mandatory Label\Low Mandatory Level
	Creator Process ID:	0x24fc
	Creator Process Name:	C:\Program Files (x86)\Google\Chrome\Application\chrome.exe
	Process Command Line:	""C:\Program Files (x86)\Google\Chrome\Application\chrome.exe"" --type=renderer --field-trial-handle=1336,8508051981384938689,4407025176615645341,131072 --disable-gpu-compositing --service-pipe-token=657698B7C16229F472233B9270E702B6 --lang=en-US --enable-offline-auto-reload --enable-offline-auto-reload-visible-only --device-scale-factor=1 --num-raster-threads=1 --service-request-channel-token=657698B7C16229F472233B9270E702B6 --renderer-client-id=94 --mojo-platform-channel-handle=5128 /prefetch:1

Token Elevation Type indicates the type of token that was assigned to the new process in accordance with User Account Control policy.

Type 1 is a full token with no privileges removed or groups disabled.  A full token is only used if User Account Control is disabled or if the user is the built-in Administrator account or a service account.

Type 2 is an elevated token with no privileges removed or groups disabled.  An elevated token is used when User Account Control is enabled and the user chooses to start the program using Run as administrator.  An elevated token is also used when an application is configured to always require administrative privilege or to always require maximum privilege, and the user is a member of the Administrators group.

Type 3 is a limited token with administrative privileges removed and administrative groups disabled.  The limited token is used when User Account Control is enabled, the application does not require administrative privilege, and the user does not choose to start the program using Run as administrator."
"2018-08-20T16:17:00.000+0100","FYODOR-L",4688,"A new process has been created.

Creator Subject:
	Security ID:		NT AUTHORITY\SYSTEM
	Account Name:		FYODOR-L$
	Account Domain:		WORKGROUP
	Logon ID:		0x3E7

Target Subject:
	Security ID:		NULL SID
	Account Name:		-
	Account Domain:		-
	Logon ID:		0x0

Process Information:
	New Process ID:		0xc18
	New Process Name:	C:\Windows\System32\SearchFilterHost.exe
	Token Elevation Type:	%%1936
	Mandatory Label:		Mandatory Label\Medium Mandatory Level
	Creator Process ID:	0x1f7c
	Creator Process Name:	C:\Windows\System32\SearchIndexer.exe
	Process Command Line:	""C:\Windows\system32\SearchFilterHost.exe"" 0 720 744 756 8192 752 

Token Elevation Type indicates the type of token that was assigned to the new process in accordance with User Account Control policy.

Type 1 is a full token with no privileges removed or groups disabled.  A full token is only used if User Account Control is disabled or if the user is the built-in Administrator account or a service account.

Type 2 is an elevated token with no privileges removed or groups disabled.  An elevated token is used when User Account Control is enabled and the user chooses to start the program using Run as administrator.  An elevated token is also used when an application is configured to always require administrative privilege or to always require maximum privilege, and the user is a member of the Administrators group.

Type 3 is a limited token with administrative privileges removed and administrative groups disabled.  The limited token is used when User Account Control is enabled, the application does not require administrative privilege, and the user does not choose to start the program using Run as administrator."
